0 verbose cli /usr/local/bin/node /usr/local/bin/npm
1 info using npm@10.8.2
2 info using node@v20.18.2
3 silly config load:file:/usr/local/lib/node_modules/npm/npmrc
4 silly config load:file:/data/.npmrc
5 silly config load:file:/root/.npmrc
6 silly config load:file:/usr/local/etc/npmrc
7 verbose title npm install openapi-red@2.2.2
8 verbose argv "install" "--no-audit" "--no-update-notifier" "--no-fund" "--save" "--save-prefix" "~" "--omit" "dev" "--engine-strict" "openapi-red@2.2.2"
9 verbose logfile logs-max:10 dir:/data/.npm/_logs/2025-03-02T16_06_14_190Z-
10 verbose logfile /data/.npm/_logs/2025-03-02T16_06_14_190Z-debug-0.log
11 silly packumentCache heap:4345298944 maxSize:1086324736 maxEntrySize:543162368
12 silly logfile done cleaning log files
13 silly idealTree buildDeps
14 silly fetch manifest openapi-red@2.2.2
15 silly packumentCache full:https://registry.npmjs.org/openapi-red cache-miss
16 http fetch GET 200 https://registry.npmjs.org/openapi-red 831ms (cache miss)
17 silly packumentCache full:https://registry.npmjs.org/openapi-red set size:undefined disposed:false
18 silly placeDep ROOT openapi-red@2.2.2 OK for: node-red-project@0.0.1 want: 2.2.2
19 silly fetch manifest yaml@^2.6.1
20 silly packumentCache full:https://registry.npmjs.org/yaml cache-miss
21 silly fetch manifest tinypool@^1.0.2
22 silly packumentCache full:https://registry.npmjs.org/tinypool cache-miss
23 silly fetch manifest swagger-client@^3.32.2
24 silly packumentCache full:https://registry.npmjs.org/swagger-client cache-miss
25 http fetch GET 200 https://registry.npmjs.org/yaml 82ms (cache miss)
26 silly packumentCache full:https://registry.npmjs.org/yaml set size:undefined disposed:false
27 http fetch GET 200 https://registry.npmjs.org/tinypool 173ms (cache miss)
28 silly packumentCache full:https://registry.npmjs.org/tinypool set size:undefined disposed:false
29 http fetch GET 200 https://registry.npmjs.org/swagger-client 219ms (cache miss)
30 silly packumentCache full:https://registry.npmjs.org/swagger-client set size:undefined disposed:false
31 silly placeDep ROOT swagger-client@3.34.1 OK for: openapi-red@2.2.2 want: ^3.32.2
32 silly placeDep ROOT tinypool@1.0.2 OK for: openapi-red@2.2.2 want: ^1.0.2
33 silly placeDep ROOT yaml@2.7.0 OK for: openapi-red@2.2.2 want: ^2.6.1
34 silly fetch manifest @babel/runtime-corejs3@^7.22.15
35 silly packumentCache full:https://registry.npmjs.org/@babel%2fruntime-corejs3 cache-miss
36 silly fetch manifest @scarf/scarf@=1.4.0
37 silly packumentCache full:https://registry.npmjs.org/@scarf%2fscarf cache-miss
38 silly fetch manifest @swagger-api/apidom-core@>=1.0.0-beta.12 <1.0.0-rc.0
39 silly packumentCache full:https://registry.npmjs.org/@swagger-api%2fapidom-core cache-miss
40 silly fetch manifest @swagger-api/apidom-error@>=1.0.0-beta.12 <1.0.0-rc.0
41 silly packumentCache full:https://registry.npmjs.org/@swagger-api%2fapidom-error cache-miss
42 silly fetch manifest @swagger-api/apidom-json-pointer@>=1.0.0-beta.12 <1.0.0-rc.0
43 silly packumentCache full:https://registry.npmjs.org/@swagger-api%2fapidom-json-pointer cache-miss
44 silly fetch manifest @swagger-api/apidom-ns-openapi-3-1@>=1.0.0-beta.12 <1.0.0-rc.0
45 silly packumentCache full:https://registry.npmjs.org/@swagger-api%2fapidom-ns-openapi-3-1 cache-miss
46 silly fetch manifest @swagger-api/apidom-reference@>=1.0.0-beta.12 <1.0.0-rc.0
47 silly packumentCache full:https://registry.npmjs.org/@swagger-api%2fapidom-reference cache-miss
48 silly fetch manifest @swaggerexpert/cookie@^2.0.2
49 silly packumentCache full:https://registry.npmjs.org/@swaggerexpert%2fcookie cache-miss
50 silly fetch manifest deepmerge@~4.3.0
51 silly packumentCache full:https://registry.npmjs.org/deepmerge cache-miss
52 silly fetch manifest fast-json-patch@^3.0.0-1
53 silly packumentCache full:https://registry.npmjs.org/fast-json-patch cache-miss
54 silly fetch manifest js-yaml@^4.1.0
55 silly packumentCache full:https://registry.npmjs.org/js-yaml cache-miss
56 http fetch GET 200 https://registry.npmjs.org/deepmerge 152ms (cache miss)
57 silly packumentCache full:https://registry.npmjs.org/deepmerge set size:undefined disposed:false
58 silly fetch manifest neotraverse@=0.6.18
59 silly packumentCache full:https://registry.npmjs.org/neotraverse cache-miss
60 http fetch GET 200 https://registry.npmjs.org/js-yaml 156ms (cache miss)
61 silly packumentCache full:https://registry.npmjs.org/js-yaml set size:undefined disposed:false
62 silly fetch manifest node-abort-controller@^3.1.1
63 silly packumentCache full:https://registry.npmjs.org/node-abort-controller cache-miss
64 http fetch GET 200 https://registry.npmjs.org/fast-json-patch 190ms (cache miss)
65 silly packumentCache full:https://registry.npmjs.org/fast-json-patch set size:undefined disposed:false
66 silly fetch manifest node-fetch-commonjs@^3.3.2
67 silly packumentCache full:https://registry.npmjs.org/node-fetch-commonjs cache-miss
68 http fetch GET 200 https://registry.npmjs.org/@swagger-api%2fapidom-core 207ms (cache miss)
69 silly packumentCache full:https://registry.npmjs.org/@swagger-api%2fapidom-core set size:undefined disposed:false
70 silly fetch manifest openapi-path-templating@^2.0.1
71 silly packumentCache full:https://registry.npmjs.org/openapi-path-templating cache-miss
72 http fetch GET 200 https://registry.npmjs.org/neotraverse 92ms (cache miss)
73 silly packumentCache full:https://registry.npmjs.org/neotraverse set size:undefined disposed:false
74 silly fetch manifest openapi-server-url-templating@^1.2.0
75 silly packumentCache full:https://registry.npmjs.org/openapi-server-url-templating cache-miss
76 http fetch GET 200 https://registry.npmjs.org/node-abort-controller 99ms (cache miss)
77 silly packumentCache full:https://registry.npmjs.org/node-abort-controller set size:undefined disposed:false
78 silly fetch manifest ramda@^0.30.1
79 silly packumentCache full:https://registry.npmjs.org/ramda cache-miss
80 http fetch GET 200 https://registry.npmjs.org/node-fetch-commonjs 95ms (cache miss)
81 silly packumentCache full:https://registry.npmjs.org/node-fetch-commonjs set size:undefined disposed:false
82 silly fetch manifest ramda-adjunct@^5.0.0
83 silly packumentCache full:https://registry.npmjs.org/ramda-adjunct cache-miss
84 http fetch GET 200 https://registry.npmjs.org/openapi-path-templating 92ms (cache miss)
85 silly packumentCache full:https://registry.npmjs.org/openapi-path-templating set size:undefined disposed:false
86 http fetch GET 200 https://registry.npmjs.org/@swagger-api%2fapidom-reference 326ms (cache miss)
87 silly packumentCache full:https://registry.npmjs.org/@swagger-api%2fapidom-reference set size:undefined disposed:false
88 http fetch GET 200 https://registry.npmjs.org/@swagger-api%2fapidom-error 332ms (cache miss)
89 silly packumentCache full:https://registry.npmjs.org/@swagger-api%2fapidom-error set size:undefined disposed:false
90 http fetch GET 200 https://registry.npmjs.org/@swagger-api%2fapidom-ns-openapi-3-1 343ms (cache miss)
91 silly packumentCache full:https://registry.npmjs.org/@swagger-api%2fapidom-ns-openapi-3-1 set size:undefined disposed:false
92 http fetch GET 200 https://registry.npmjs.org/ramda 94ms (cache miss)
93 silly packumentCache full:https://registry.npmjs.org/ramda set size:undefined disposed:false
94 http fetch GET 200 https://registry.npmjs.org/@swagger-api%2fapidom-json-pointer 420ms (cache miss)
95 silly packumentCache full:https://registry.npmjs.org/@swagger-api%2fapidom-json-pointer set size:undefined disposed:false
96 http fetch GET 200 https://registry.npmjs.org/ramda-adjunct 166ms (cache miss)
97 silly packumentCache full:https://registry.npmjs.org/ramda-adjunct set size:undefined disposed:false
98 http fetch GET 200 https://registry.npmjs.org/openapi-server-url-templating 252ms (cache miss)
99 silly packumentCache full:https://registry.npmjs.org/openapi-server-url-templating set size:undefined disposed:false
100 http fetch GET 200 https://registry.npmjs.org/@swaggerexpert%2fcookie 518ms (cache miss)
101 silly packumentCache full:https://registry.npmjs.org/@swaggerexpert%2fcookie set size:undefined disposed:false
102 http fetch GET 200 https://registry.npmjs.org/@scarf%2fscarf 1253ms (cache miss)
103 silly packumentCache full:https://registry.npmjs.org/@scarf%2fscarf set size:undefined disposed:false
104 http fetch GET 200 https://registry.npmjs.org/@babel%2fruntime-corejs3 1516ms (cache miss)
105 silly packumentCache full:https://registry.npmjs.org/@babel%2fruntime-corejs3 set size:undefined disposed:false
106 silly placeDep ROOT @babel/runtime-corejs3@7.26.9 OK for: swagger-client@3.34.1 want: ^7.22.15
107 silly placeDep ROOT @scarf/scarf@1.4.0 OK for: swagger-client@3.34.1 want: =1.4.0
108 silly placeDep ROOT @swagger-api/apidom-core@1.0.0-beta.12 OK for: swagger-client@3.34.1 want: >=1.0.0-beta.12 <1.0.0-rc.0
109 silly placeDep ROOT @swagger-api/apidom-error@1.0.0-beta.12 OK for: swagger-client@3.34.1 want: >=1.0.0-beta.12 <1.0.0-rc.0
110 silly placeDep ROOT @swagger-api/apidom-json-pointer@1.0.0-beta.12 OK for: swagger-client@3.34.1 want: >=1.0.0-beta.12 <1.0.0-rc.0
111 silly placeDep ROOT @swagger-api/apidom-ns-openapi-3-1@1.0.0-beta.12 OK for: swagger-client@3.34.1 want: >=1.0.0-beta.12 <1.0.0-rc.0
112 silly placeDep ROOT @swagger-api/apidom-reference@1.0.0-beta.12 OK for: swagger-client@3.34.1 want: >=1.0.0-beta.12 <1.0.0-rc.0
113 silly placeDep ROOT @swaggerexpert/cookie@2.0.2 OK for: swagger-client@3.34.1 want: ^2.0.2
114 silly placeDep ROOT deepmerge@4.3.1 OK for: swagger-client@3.34.1 want: ~4.3.0
115 silly placeDep ROOT fast-json-patch@3.1.1 OK for: swagger-client@3.34.1 want: ^3.0.0-1
116 silly placeDep ROOT js-yaml@4.1.0 OK for: swagger-client@3.34.1 want: ^4.1.0
117 silly placeDep ROOT neotraverse@0.6.18 OK for: swagger-client@3.34.1 want: =0.6.18
118 silly placeDep ROOT node-abort-controller@3.1.1 OK for: swagger-client@3.34.1 want: ^3.1.1
119 silly placeDep ROOT node-fetch-commonjs@3.3.2 OK for: swagger-client@3.34.1 want: ^3.3.2
120 silly placeDep ROOT openapi-path-templating@2.1.0 OK for: swagger-client@3.34.1 want: ^2.0.1
121 silly placeDep ROOT openapi-server-url-templating@1.3.0 OK for: swagger-client@3.34.1 want: ^1.2.0
122 silly placeDep ROOT ramda@0.30.1 OK for: swagger-client@3.34.1 want: ^0.30.1
123 silly placeDep ROOT ramda-adjunct@5.1.0 OK for: swagger-client@3.34.1 want: ^5.0.0
124 silly fetch manifest core-js-pure@^3.30.2
125 silly packumentCache full:https://registry.npmjs.org/core-js-pure cache-miss
126 silly fetch manifest regenerator-runtime@^0.14.0
127 silly packumentCache full:https://registry.npmjs.org/regenerator-runtime cache-miss
128 silly fetch manifest @swagger-api/apidom-ast@^1.0.0-beta.12
129 silly packumentCache full:https://registry.npmjs.org/@swagger-api%2fapidom-ast cache-miss
130 silly fetch manifest @swagger-api/apidom-error@^1.0.0-beta.12
131 silly packumentCache full:https://registry.npmjs.org/@swagger-api%2fapidom-error cache-miss
132 silly fetch manifest @types/ramda@~0.30.0
133 silly packumentCache full:https://registry.npmjs.org/@types%2framda cache-miss
134 silly fetch manifest minim@~0.23.8
135 silly packumentCache full:https://registry.npmjs.org/minim cache-miss
136 silly fetch manifest ramda@~0.30.0
137 silly packumentCache full:https://registry.npmjs.org/ramda cache-miss
138 silly fetch manifest short-unique-id@^5.0.2
139 silly packumentCache full:https://registry.npmjs.org/short-unique-id cache-miss
140 silly fetch manifest ts-mixer@^6.0.3
141 silly packumentCache full:https://registry.npmjs.org/ts-mixer cache-miss
142 silly fetch manifest @types/ramda@~0.30.0
143 silly packumentCache full:https://registry.npmjs.org/@types%2framda cache-miss
144 silly fetch manifest ramda@~0.30.0
145 silly packumentCache full:https://registry.npmjs.org/ramda cache-miss
146 http fetch GET 200 https://registry.npmjs.org/ramda 15ms (cache hit)
147 silly packumentCache full:https://registry.npmjs.org/ramda set size:179846 disposed:false
148 silly fetch manifest @swagger-api/apidom-ast@^1.0.0-beta.12
149 silly packumentCache full:https://registry.npmjs.org/@swagger-api%2fapidom-ast cache-miss
150 http fetch GET 200 https://registry.npmjs.org/@swagger-api%2fapidom-error 25ms (cache hit)
151 silly packumentCache full:https://registry.npmjs.org/@swagger-api%2fapidom-error set size:129781 disposed:false
152 silly fetch manifest @swagger-api/apidom-ns-json-schema-2020-12@^1.0.0-beta.12
153 silly packumentCache full:https://registry.npmjs.org/@swagger-api%2fapidom-ns-json-schema-2020-12 cache-miss
154 http fetch GET 200 https://registry.npmjs.org/ramda 26ms (cache hit)
155 silly packumentCache full:https://registry.npmjs.org/ramda set size:179846 disposed:false
156 silly packumentCache full:https://registry.npmjs.org/ramda dispose
157 silly fetch manifest @swagger-api/apidom-ns-openapi-3-0@^1.0.0-beta.12
158 silly packumentCache full:https://registry.npmjs.org/@swagger-api%2fapidom-ns-openapi-3-0 cache-miss
159 http fetch GET 200 https://registry.npmjs.org/ts-mixer 124ms (cache miss)
160 silly packumentCache full:https://registry.npmjs.org/ts-mixer set size:undefined disposed:false
161 silly fetch manifest @types/ramda@~0.30.0
162 silly packumentCache full:https://registry.npmjs.org/@types%2framda cache-miss
163 http fetch GET 200 https://registry.npmjs.org/short-unique-id 130ms (cache miss)
164 silly packumentCache full:https://registry.npmjs.org/short-unique-id set size:undefined disposed:false
165 silly fetch manifest @types/ramda@~0.30.0
166 silly packumentCache full:https://registry.npmjs.org/@types%2framda cache-miss
167 http fetch GET 200 https://registry.npmjs.org/core-js-pure 140ms (cache miss)
168 silly packumentCache full:https://registry.npmjs.org/core-js-pure set size:undefined disposed:false
169 silly fetch manifest axios@^1.7.4
170 silly packumentCache full:https://registry.npmjs.org/axios cache-miss
171 http fetch GET 200 https://registry.npmjs.org/minim 141ms (cache miss)
172 silly packumentCache full:https://registry.npmjs.org/minim set size:undefined disposed:false
173 silly fetch manifest minimatch@^7.4.3
174 silly packumentCache full:https://registry.npmjs.org/minimatch cache-miss
175 http fetch GET 200 https://registry.npmjs.org/@types%2framda 205ms (cache miss)
176 silly packumentCache full:https://registry.npmjs.org/@types%2framda set size:undefined disposed:false
177 silly fetch manifest process@^0.11.10
178 silly packumentCache full:https://registry.npmjs.org/process cache-miss
179 http fetch GET 200 https://registry.npmjs.org/@types%2framda 141ms (cache miss)
180 silly packumentCache full:https://registry.npmjs.org/@types%2framda set size:undefined disposed:false
181 silly fetch manifest @swagger-api/apidom-ns-asyncapi-2@^1.0.0-beta.3 <1.0.0-rc.0
182 silly packumentCache full:https://registry.npmjs.org/@swagger-api%2fapidom-ns-asyncapi-2 cache-miss
183 http fetch GET 200 https://registry.npmjs.org/axios 142ms (cache miss)
184 silly packumentCache full:https://registry.npmjs.org/axios set size:undefined disposed:false
185 silly fetch manifest @swagger-api/apidom-ns-openapi-2@^1.0.0-beta.3 <1.0.0-rc.0
186 silly packumentCache full:https://registry.npmjs.org/@swagger-api%2fapidom-ns-openapi-2 cache-miss
187 http fetch GET 200 https://registry.npmjs.org/@types%2framda 158ms (cache miss)
188 silly packumentCache full:https://registry.npmjs.org/@types%2framda set size:undefined disposed:false
189 silly fetch manifest @swagger-api/apidom-ns-openapi-3-0@^1.0.0-beta.3 <1.0.0-rc.0
190 silly packumentCache full:https://registry.npmjs.org/@swagger-api%2fapidom-ns-openapi-3-0 cache-miss
191 http fetch GET 200 https://registry.npmjs.org/@types%2framda 300ms (cache miss)
192 silly packumentCache full:https://registry.npmjs.org/@types%2framda set size:undefined disposed:false
193 silly fetch manifest @swagger-api/apidom-ns-workflows-1@^1.0.0-beta.3 <1.0.0-rc.0
194 silly packumentCache full:https://registry.npmjs.org/@swagger-api%2fapidom-ns-workflows-1 cache-miss
195 http fetch GET 200 https://registry.npmjs.org/minimatch 171ms (cache miss)
196 silly packumentCache full:https://registry.npmjs.org/minimatch set size:undefined disposed:false
197 silly fetch manifest @swagger-api/apidom-parser-adapter-api-design-systems-json@^1.0.0-beta.3 <1.0.0-rc.0
198 silly packumentCache full:https://registry.npmjs.org/@swagger-api%2fapidom-parser-adapter-api-design-systems-json cache-miss
199 http fetch GET 200 https://registry.npmjs.org/process 108ms (cache miss)
200 silly packumentCache full:https://registry.npmjs.org/process set size:undefined disposed:false
201 silly fetch manifest @swagger-api/apidom-parser-adapter-api-design-systems-yaml@^1.0.0-beta.3 <1.0.0-rc.0
202 silly packumentCache full:https://registry.npmjs.org/@swagger-api%2fapidom-parser-adapter-api-design-systems-yaml cache-miss
203 http fetch GET 200 https://registry.npmjs.org/@swagger-api%2fapidom-ns-openapi-3-0 296ms (cache miss)
204 silly packumentCache full:https://registry.npmjs.org/@swagger-api%2fapidom-ns-openapi-3-0 set size:undefined disposed:false
205 silly fetch manifest @swagger-api/apidom-parser-adapter-asyncapi-json-2@^1.0.0-beta.3 <1.0.0-rc.0
206 silly packumentCache full:https://registry.npmjs.org/@swagger-api%2fapidom-parser-adapter-asyncapi-json-2 cache-miss
207 http fetch GET 200 https://registry.npmjs.org/@swagger-api%2fapidom-ast 327ms (cache miss)
208 silly packumentCache full:https://registry.npmjs.org/@swagger-api%2fapidom-ast set size:undefined disposed:false
209 silly fetch manifest @swagger-api/apidom-parser-adapter-asyncapi-yaml-2@^1.0.0-beta.3 <1.0.0-rc.0
210 silly packumentCache full:https://registry.npmjs.org/@swagger-api%2fapidom-parser-adapter-asyncapi-yaml-2 cache-miss
211 http fetch GET 200 https://registry.npmjs.org/@swagger-api%2fapidom-ast 304ms (cache miss)
212 silly packumentCache full:https://registry.npmjs.org/@swagger-api%2fapidom-ast set size:undefined disposed:false
213 silly fetch manifest @swagger-api/apidom-parser-adapter-json@^1.0.0-beta.3 <1.0.0-rc.0
214 silly packumentCache full:https://registry.npmjs.org/@swagger-api%2fapidom-parser-adapter-json cache-miss
215 http fetch GET 200 https://registry.npmjs.org/@swagger-api%2fapidom-ns-openapi-3-0 71ms (cache miss)
216 silly packumentCache full:https://registry.npmjs.org/@swagger-api%2fapidom-ns-openapi-3-0 set size:undefined disposed:false
217 silly fetch manifest @swagger-api/apidom-parser-adapter-openapi-json-2@^1.0.0-beta.3 <1.0.0-rc.0
218 silly packumentCache full:https://registry.npmjs.org/@swagger-api%2fapidom-parser-adapter-openapi-json-2 cache-miss
219 http fetch GET 200 https://registry.npmjs.org/@swagger-api%2fapidom-ns-json-schema-2020-12 356ms (cache miss)
220 silly packumentCache full:https://registry.npmjs.org/@swagger-api%2fapidom-ns-json-schema-2020-12 set size:undefined disposed:false
221 silly fetch manifest @swagger-api/apidom-parser-adapter-openapi-json-3-0@^1.0.0-beta.3 <1.0.0-rc.0
222 silly packumentCache full:https://registry.npmjs.org/@swagger-api%2fapidom-parser-adapter-openapi-json-3-0 cache-miss
223 http fetch GET 200 https://registry.npmjs.org/@swagger-api%2fapidom-ns-workflows-1 213ms (cache miss)
224 silly packumentCache full:https://registry.npmjs.org/@swagger-api%2fapidom-ns-workflows-1 set size:undefined disposed:false
225 silly fetch manifest @swagger-api/apidom-parser-adapter-openapi-json-3-1@^1.0.0-beta.3 <1.0.0-rc.0
226 silly packumentCache full:https://registry.npmjs.org/@swagger-api%2fapidom-parser-adapter-openapi-json-3-1 cache-miss
227 http fetch GET 200 https://registry.npmjs.org/@swagger-api%2fapidom-parser-adapter-api-design-systems-json 228ms (cache miss)
228 silly packumentCache full:https://registry.npmjs.org/@swagger-api%2fapidom-parser-adapter-api-design-systems-json set size:undefined disposed:false
229 silly fetch manifest @swagger-api/apidom-parser-adapter-openapi-yaml-2@^1.0.0-beta.3 <1.0.0-rc.0
230 silly packumentCache full:https://registry.npmjs.org/@swagger-api%2fapidom-parser-adapter-openapi-yaml-2 cache-miss
231 http fetch GET 200 https://registry.npmjs.org/@swagger-api%2fapidom-parser-adapter-json 285ms (cache miss)
232 silly packumentCache full:https://registry.npmjs.org/@swagger-api%2fapidom-parser-adapter-json set size:undefined disposed:false
233 silly fetch manifest @swagger-api/apidom-parser-adapter-openapi-yaml-3-0@^1.0.0-beta.3 <1.0.0-rc.0
234 silly packumentCache full:https://registry.npmjs.org/@swagger-api%2fapidom-parser-adapter-openapi-yaml-3-0 cache-miss
235 http fetch GET 200 https://registry.npmjs.org/@swagger-api%2fapidom-parser-adapter-openapi-json-3-0 253ms (cache miss)
236 silly packumentCache full:https://registry.npmjs.org/@swagger-api%2fapidom-parser-adapter-openapi-json-3-0 set size:undefined disposed:false
237 silly fetch manifest @swagger-api/apidom-parser-adapter-openapi-yaml-3-1@^1.0.0-beta.3 <1.0.0-rc.0
238 silly packumentCache full:https://registry.npmjs.org/@swagger-api%2fapidom-parser-adapter-openapi-yaml-3-1 cache-miss
239 http fetch GET 200 https://registry.npmjs.org/@swagger-api%2fapidom-ns-openapi-2 370ms (cache miss)
240 silly packumentCache full:https://registry.npmjs.org/@swagger-api%2fapidom-ns-openapi-2 set size:undefined disposed:false
241 silly fetch manifest @swagger-api/apidom-parser-adapter-workflows-json-1@^1.0.0-beta.3 <1.0.0-rc.0
242 silly packumentCache full:https://registry.npmjs.org/@swagger-api%2fapidom-parser-adapter-workflows-json-1 cache-miss
243 http fetch GET 200 https://registry.npmjs.org/@swagger-api%2fapidom-ns-asyncapi-2 388ms (cache miss)
244 silly packumentCache full:https://registry.npmjs.org/@swagger-api%2fapidom-ns-asyncapi-2 set size:undefined disposed:false
245 silly fetch manifest @swagger-api/apidom-parser-adapter-workflows-yaml-1@^1.0.0-beta.3 <1.0.0-rc.0
246 silly packumentCache full:https://registry.npmjs.org/@swagger-api%2fapidom-parser-adapter-workflows-yaml-1 cache-miss
247 http fetch GET 200 https://registry.npmjs.org/@swagger-api%2fapidom-parser-adapter-api-design-systems-yaml 370ms (cache miss)
248 silly packumentCache full:https://registry.npmjs.org/@swagger-api%2fapidom-parser-adapter-api-design-systems-yaml set size:undefined disposed:false
249 silly fetch manifest @swagger-api/apidom-parser-adapter-yaml-1-2@^1.0.0-beta.3 <1.0.0-rc.0
250 silly packumentCache full:https://registry.npmjs.org/@swagger-api%2fapidom-parser-adapter-yaml-1-2 cache-miss
251 http fetch GET 200 https://registry.npmjs.org/@swagger-api%2fapidom-parser-adapter-openapi-json-2 330ms (cache miss)
252 silly packumentCache full:https://registry.npmjs.org/@swagger-api%2fapidom-parser-adapter-openapi-json-2 set size:undefined disposed:false
253 silly fetch manifest apg-lite@^1.0.3
254 silly packumentCache full:https://registry.npmjs.org/apg-lite cache-miss
255 http fetch GET 200 https://registry.npmjs.org/@swagger-api%2fapidom-parser-adapter-asyncapi-json-2 385ms (cache miss)
256 silly packumentCache full:https://registry.npmjs.org/@swagger-api%2fapidom-parser-adapter-asyncapi-json-2 set size:undefined disposed:false
257 silly fetch manifest argparse@^2.0.1
258 silly packumentCache full:https://registry.npmjs.org/argparse cache-miss
259 http fetch GET 200 https://registry.npmjs.org/regenerator-runtime 721ms (cache miss)
260 silly packumentCache full:https://registry.npmjs.org/regenerator-runtime set size:undefined disposed:false
261 silly fetch manifest node-domexception@^1.0.0
262 silly packumentCache full:https://registry.npmjs.org/node-domexception cache-miss
263 http fetch GET 200 https://registry.npmjs.org/@swagger-api%2fapidom-parser-adapter-asyncapi-yaml-2 412ms (cache miss)
264 silly packumentCache full:https://registry.npmjs.org/@swagger-api%2fapidom-parser-adapter-asyncapi-yaml-2 set size:undefined disposed:false
265 silly fetch manifest web-streams-polyfill@^3.0.3
266 silly packumentCache full:https://registry.npmjs.org/web-streams-polyfill cache-miss
267 http fetch GET 200 https://registry.npmjs.org/node-domexception 47ms (cache miss)
268 silly packumentCache full:https://registry.npmjs.org/node-domexception set size:undefined disposed:false
269 silly fetch manifest apg-lite@^1.0.4
270 silly packumentCache full:https://registry.npmjs.org/apg-lite cache-miss
271 http fetch GET 200 https://registry.npmjs.org/argparse 62ms (cache miss)
272 silly packumentCache full:https://registry.npmjs.org/argparse set size:undefined disposed:false
273 silly fetch manifest apg-lite@^1.0.4
274 silly packumentCache full:https://registry.npmjs.org/apg-lite cache-miss
275 http fetch GET 200 https://registry.npmjs.org/apg-lite 101ms (cache miss)
276 silly packumentCache full:https://registry.npmjs.org/apg-lite set size:undefined disposed:false
277 http fetch GET 200 https://registry.npmjs.org/web-streams-polyfill 61ms (cache miss)
278 silly packumentCache full:https://registry.npmjs.org/web-streams-polyfill set size:undefined disposed:false
279 http fetch GET 200 https://registry.npmjs.org/apg-lite 55ms (cache miss)
280 silly packumentCache full:https://registry.npmjs.org/apg-lite set size:undefined disposed:false
281 http fetch GET 200 https://registry.npmjs.org/apg-lite 79ms (cache miss)
282 silly packumentCache full:https://registry.npmjs.org/apg-lite set size:undefined disposed:false
283 http fetch GET 200 https://registry.npmjs.org/@swagger-api%2fapidom-parser-adapter-openapi-json-3-1 337ms (cache miss)
284 silly packumentCache full:https://registry.npmjs.org/@swagger-api%2fapidom-parser-adapter-openapi-json-3-1 set size:undefined disposed:false
285 http fetch GET 200 https://registry.npmjs.org/@swagger-api%2fapidom-parser-adapter-openapi-yaml-2 330ms (cache miss)
286 silly packumentCache full:https://registry.npmjs.org/@swagger-api%2fapidom-parser-adapter-openapi-yaml-2 set size:undefined disposed:false
287 http fetch GET 200 https://registry.npmjs.org/@swagger-api%2fapidom-parser-adapter-workflows-json-1 230ms (cache miss)
288 silly packumentCache full:https://registry.npmjs.org/@swagger-api%2fapidom-parser-adapter-workflows-json-1 set size:undefined disposed:false
289 http fetch GET 200 https://registry.npmjs.org/@swagger-api%2fapidom-parser-adapter-openapi-yaml-3-1 337ms (cache miss)
290 silly packumentCache full:https://registry.npmjs.org/@swagger-api%2fapidom-parser-adapter-openapi-yaml-3-1 set size:undefined disposed:false
291 http fetch GET 200 https://registry.npmjs.org/@swagger-api%2fapidom-parser-adapter-workflows-yaml-1 350ms (cache miss)
292 silly packumentCache full:https://registry.npmjs.org/@swagger-api%2fapidom-parser-adapter-workflows-yaml-1 set size:undefined disposed:false
293 http fetch GET 200 https://registry.npmjs.org/@swagger-api%2fapidom-parser-adapter-yaml-1-2 355ms (cache miss)
294 silly packumentCache full:https://registry.npmjs.org/@swagger-api%2fapidom-parser-adapter-yaml-1-2 set size:undefined disposed:false
295 http fetch GET 200 https://registry.npmjs.org/@swagger-api%2fapidom-parser-adapter-openapi-yaml-3-0 440ms (cache miss)
296 silly packumentCache full:https://registry.npmjs.org/@swagger-api%2fapidom-parser-adapter-openapi-yaml-3-0 set size:undefined disposed:false
297 silly placeDep ROOT core-js-pure@3.41.0 OK for: @babel/runtime-corejs3@7.26.9 want: ^3.30.2
298 silly placeDep ROOT regenerator-runtime@0.14.1 OK for: @babel/runtime-corejs3@7.26.9 want: ^0.14.0
299 silly placeDep ROOT @swagger-api/apidom-ast@1.0.0-beta.12 OK for: @swagger-api/apidom-core@1.0.0-beta.12 want: ^1.0.0-beta.12
300 silly placeDep ROOT @types/ramda@0.30.2 OK for: @swagger-api/apidom-core@1.0.0-beta.12 want: ~0.30.0
301 silly placeDep ROOT minim@0.23.8 OK for: @swagger-api/apidom-core@1.0.0-beta.12 want: ~0.23.8
302 silly placeDep ROOT short-unique-id@5.2.0 OK for: @swagger-api/apidom-core@1.0.0-beta.12 want: ^5.0.2
303 silly placeDep ROOT ts-mixer@6.0.4 OK for: @swagger-api/apidom-core@1.0.0-beta.12 want: ^6.0.3
304 silly fetch manifest unraw@^3.0.0
305 silly packumentCache full:https://registry.npmjs.org/unraw cache-miss
306 silly fetch manifest types-ramda@^0.30.1
307 silly packumentCache full:https://registry.npmjs.org/types-ramda cache-miss
308 silly fetch manifest lodash@^4.15.0
309 silly packumentCache full:https://registry.npmjs.org/lodash cache-miss
310 http fetch GET 200 https://registry.npmjs.org/lodash 54ms (cache miss)
311 silly packumentCache full:https://registry.npmjs.org/lodash set size:undefined disposed:false
312 http fetch GET 200 https://registry.npmjs.org/unraw 88ms (cache miss)
313 silly packumentCache full:https://registry.npmjs.org/unraw set size:undefined disposed:false
314 http fetch GET 200 https://registry.npmjs.org/types-ramda 104ms (cache miss)
315 silly packumentCache full:https://registry.npmjs.org/types-ramda set size:undefined disposed:false
316 silly placeDep ROOT unraw@3.0.0 OK for: @swagger-api/apidom-ast@1.0.0-beta.12 want: ^3.0.0
317 silly placeDep ROOT @swagger-api/apidom-ns-json-schema-2020-12@1.0.0-beta.12 OK for: @swagger-api/apidom-ns-openapi-3-1@1.0.0-beta.12 want: ^1.0.0-beta.12
318 silly placeDep ROOT @swagger-api/apidom-ns-openapi-3-0@1.0.0-beta.12 OK for: @swagger-api/apidom-ns-openapi-3-1@1.0.0-beta.12 want: ^1.0.0-beta.12
319 silly fetch manifest @swagger-api/apidom-ns-json-schema-2019-09@^1.0.0-beta.12
320 silly packumentCache full:https://registry.npmjs.org/@swagger-api%2fapidom-ns-json-schema-2019-09 cache-miss
321 silly fetch manifest @swagger-api/apidom-ns-json-schema-draft-4@^1.0.0-beta.12
322 silly packumentCache full:https://registry.npmjs.org/@swagger-api%2fapidom-ns-json-schema-draft-4 cache-miss
323 http fetch GET 200 https://registry.npmjs.org/@swagger-api%2fapidom-ns-json-schema-draft-4 339ms (cache miss)
324 silly packumentCache full:https://registry.npmjs.org/@swagger-api%2fapidom-ns-json-schema-draft-4 set size:undefined disposed:false
325 http fetch GET 200 https://registry.npmjs.org/@swagger-api%2fapidom-ns-json-schema-2019-09 365ms (cache miss)
326 silly packumentCache full:https://registry.npmjs.org/@swagger-api%2fapidom-ns-json-schema-2019-09 set size:undefined disposed:false
327 silly placeDep ROOT @swagger-api/apidom-ns-json-schema-2019-09@1.0.0-beta.12 OK for: @swagger-api/apidom-ns-json-schema-2020-12@1.0.0-beta.12 want: ^1.0.0-beta.12
328 silly fetch manifest @swagger-api/apidom-ns-json-schema-draft-7@^1.0.0-beta.12
329 silly packumentCache full:https://registry.npmjs.org/@swagger-api%2fapidom-ns-json-schema-draft-7 cache-miss
330 http fetch GET 200 https://registry.npmjs.org/@swagger-api%2fapidom-ns-json-schema-draft-7 219ms (cache miss)
331 silly packumentCache full:https://registry.npmjs.org/@swagger-api%2fapidom-ns-json-schema-draft-7 set size:undefined disposed:false
332 silly placeDep ROOT @swagger-api/apidom-ns-json-schema-draft-7@1.0.0-beta.12 OK for: @swagger-api/apidom-ns-json-schema-2019-09@1.0.0-beta.12 want: ^1.0.0-beta.12
333 silly fetch manifest @swagger-api/apidom-ns-json-schema-draft-6@^1.0.0-beta.12
334 silly packumentCache full:https://registry.npmjs.org/@swagger-api%2fapidom-ns-json-schema-draft-6 cache-miss
335 http fetch GET 200 https://registry.npmjs.org/@swagger-api%2fapidom-ns-json-schema-draft-6 403ms (cache miss)
336 silly packumentCache full:https://registry.npmjs.org/@swagger-api%2fapidom-ns-json-schema-draft-6 set size:undefined disposed:false
337 silly placeDep ROOT @swagger-api/apidom-ns-json-schema-draft-6@1.0.0-beta.12 OK for: @swagger-api/apidom-ns-json-schema-draft-7@1.0.0-beta.12 want: ^1.0.0-beta.12
338 silly placeDep ROOT @swagger-api/apidom-ns-json-schema-draft-4@1.0.0-beta.12 OK for: @swagger-api/apidom-ns-json-schema-draft-6@1.0.0-beta.12 want: ^1.0.0-beta.12
339 silly placeDep ROOT @swagger-api/apidom-ns-asyncapi-2@1.0.0-beta.12 OK for: @swagger-api/apidom-reference@1.0.0-beta.12 want: ^1.0.0-beta.3 <1.0.0-rc.0
340 silly placeDep ROOT @swagger-api/apidom-ns-openapi-2@1.0.0-beta.12 OK for: @swagger-api/apidom-reference@1.0.0-beta.12 want: ^1.0.0-beta.3 <1.0.0-rc.0
341 silly placeDep ROOT @swagger-api/apidom-ns-workflows-1@1.0.0-beta.12 OK for: @swagger-api/apidom-reference@1.0.0-beta.12 want: ^1.0.0-beta.3 <1.0.0-rc.0
342 silly placeDep ROOT @swagger-api/apidom-parser-adapter-api-design-systems-json@1.0.0-beta.12 OK for: @swagger-api/apidom-reference@1.0.0-beta.12 want: ^1.0.0-beta.3 <1.0.0-rc.0
343 silly placeDep ROOT @swagger-api/apidom-parser-adapter-api-design-systems-yaml@1.0.0-beta.12 OK for: @swagger-api/apidom-reference@1.0.0-beta.12 want: ^1.0.0-beta.3 <1.0.0-rc.0
344 silly placeDep ROOT @swagger-api/apidom-parser-adapter-asyncapi-json-2@1.0.0-beta.12 OK for: @swagger-api/apidom-reference@1.0.0-beta.12 want: ^1.0.0-beta.3 <1.0.0-rc.0
345 silly placeDep ROOT @swagger-api/apidom-parser-adapter-asyncapi-yaml-2@1.0.0-beta.12 OK for: @swagger-api/apidom-reference@1.0.0-beta.12 want: ^1.0.0-beta.3 <1.0.0-rc.0
346 silly placeDep ROOT @swagger-api/apidom-parser-adapter-json@1.0.0-beta.12 OK for: @swagger-api/apidom-reference@1.0.0-beta.12 want: ^1.0.0-beta.3 <1.0.0-rc.0
347 silly placeDep ROOT @swagger-api/apidom-parser-adapter-openapi-json-2@1.0.0-beta.12 OK for: @swagger-api/apidom-reference@1.0.0-beta.12 want: ^1.0.0-beta.3 <1.0.0-rc.0
348 silly placeDep ROOT @swagger-api/apidom-parser-adapter-openapi-json-3-0@1.0.0-beta.12 OK for: @swagger-api/apidom-reference@1.0.0-beta.12 want: ^1.0.0-beta.3 <1.0.0-rc.0
349 silly placeDep ROOT @swagger-api/apidom-parser-adapter-openapi-json-3-1@1.0.0-beta.12 OK for: @swagger-api/apidom-reference@1.0.0-beta.12 want: ^1.0.0-beta.3 <1.0.0-rc.0
350 silly placeDep ROOT @swagger-api/apidom-parser-adapter-openapi-yaml-2@1.0.0-beta.12 OK for: @swagger-api/apidom-reference@1.0.0-beta.12 want: ^1.0.0-beta.3 <1.0.0-rc.0
351 silly placeDep ROOT @swagger-api/apidom-parser-adapter-openapi-yaml-3-0@1.0.0-beta.12 OK for: @swagger-api/apidom-reference@1.0.0-beta.12 want: ^1.0.0-beta.3 <1.0.0-rc.0
352 silly placeDep ROOT @swagger-api/apidom-parser-adapter-openapi-yaml-3-1@1.0.0-beta.12 OK for: @swagger-api/apidom-reference@1.0.0-beta.12 want: ^1.0.0-beta.3 <1.0.0-rc.0
353 silly placeDep ROOT @swagger-api/apidom-parser-adapter-workflows-json-1@1.0.0-beta.12 OK for: @swagger-api/apidom-reference@1.0.0-beta.12 want: ^1.0.0-beta.3 <1.0.0-rc.0
354 silly placeDep ROOT @swagger-api/apidom-parser-adapter-workflows-yaml-1@1.0.0-beta.12 OK for: @swagger-api/apidom-reference@1.0.0-beta.12 want: ^1.0.0-beta.3 <1.0.0-rc.0
355 silly placeDep ROOT @swagger-api/apidom-parser-adapter-yaml-1-2@1.0.0-beta.12 OK for: @swagger-api/apidom-reference@1.0.0-beta.12 want: ^1.0.0-beta.3 <1.0.0-rc.0
356 silly placeDep ROOT axios@1.8.1 OK for: @swagger-api/apidom-reference@1.0.0-beta.12 want: ^1.7.4
357 silly placeDep ROOT minimatch@7.4.6 OK for: @swagger-api/apidom-reference@1.0.0-beta.12 want: ^7.4.3
358 silly placeDep ROOT process@0.11.10 OK for: @swagger-api/apidom-reference@1.0.0-beta.12 want: ^0.11.10
359 silly fetch manifest @swagger-api/apidom-ns-api-design-systems@^1.0.0-beta.12
360 silly packumentCache full:https://registry.npmjs.org/@swagger-api%2fapidom-ns-api-design-systems cache-miss
361 silly fetch manifest @swagger-api/apidom-parser-adapter-json@^1.0.0-beta.12
362 silly packumentCache full:https://registry.npmjs.org/@swagger-api%2fapidom-parser-adapter-json cache-miss
363 silly fetch manifest @swagger-api/apidom-ns-api-design-systems@^1.0.0-beta.12
364 silly packumentCache full:https://registry.npmjs.org/@swagger-api%2fapidom-ns-api-design-systems cache-miss
365 silly fetch manifest @swagger-api/apidom-parser-adapter-yaml-1-2@^1.0.0-beta.12
366 silly packumentCache full:https://registry.npmjs.org/@swagger-api%2fapidom-parser-adapter-yaml-1-2 cache-miss
367 silly fetch manifest @swagger-api/apidom-parser-adapter-json@^1.0.0-beta.12
368 silly packumentCache full:https://registry.npmjs.org/@swagger-api%2fapidom-parser-adapter-json cache-miss
369 silly fetch manifest @swagger-api/apidom-parser-adapter-yaml-1-2@^1.0.0-beta.12
370 silly packumentCache full:https://registry.npmjs.org/@swagger-api%2fapidom-parser-adapter-yaml-1-2 cache-miss
371 silly fetch manifest tree-sitter@=0.22.1
372 silly packumentCache full:https://registry.npmjs.org/tree-sitter cache-miss
373 silly fetch manifest tree-sitter-json@=0.24.8
374 silly packumentCache full:https://registry.npmjs.org/tree-sitter-json cache-miss
375 silly fetch manifest web-tree-sitter@=0.24.5
376 silly packumentCache full:https://registry.npmjs.org/web-tree-sitter cache-miss
377 silly fetch manifest @swagger-api/apidom-parser-adapter-yaml-1-2@^1.0.0-beta.12
378 silly packumentCache full:https://registry.npmjs.org/@swagger-api%2fapidom-parser-adapter-yaml-1-2 cache-miss
379 silly fetch manifest @swagger-api/apidom-parser-adapter-yaml-1-2@^1.0.0-beta.12
380 silly packumentCache full:https://registry.npmjs.org/@swagger-api%2fapidom-parser-adapter-yaml-1-2 cache-miss
381 http fetch GET 200 https://registry.npmjs.org/@swagger-api%2fapidom-parser-adapter-json 24ms (cache hit)
382 silly packumentCache full:https://registry.npmjs.org/@swagger-api%2fapidom-parser-adapter-json set size:299346 disposed:false
383 silly fetch manifest @swagger-api/apidom-parser-adapter-yaml-1-2@^1.0.0-beta.12
384 silly packumentCache full:https://registry.npmjs.org/@swagger-api%2fapidom-parser-adapter-yaml-1-2 cache-miss
385 http fetch GET 200 https://registry.npmjs.org/@swagger-api%2fapidom-parser-adapter-yaml-1-2 25ms (cache hit)
386 silly packumentCache full:https://registry.npmjs.org/@swagger-api%2fapidom-parser-adapter-yaml-1-2 set size:290528 disposed:false
387 silly fetch manifest @tree-sitter-grammars/tree-sitter-yaml@=0.7.0
388 silly packumentCache full:https://registry.npmjs.org/@tree-sitter-grammars%2ftree-sitter-yaml cache-miss
389 http fetch GET 200 https://registry.npmjs.org/@swagger-api%2fapidom-parser-adapter-yaml-1-2 24ms (cache hit)
390 silly packumentCache full:https://registry.npmjs.org/@swagger-api%2fapidom-parser-adapter-yaml-1-2 set size:290528 disposed:false
391 silly packumentCache full:https://registry.npmjs.org/@swagger-api%2fapidom-parser-adapter-yaml-1-2 dispose
392 silly fetch manifest tree-sitter@=0.22.1
393 silly packumentCache full:https://registry.npmjs.org/tree-sitter cache-miss
394 http fetch GET 200 https://registry.npmjs.org/@swagger-api%2fapidom-parser-adapter-yaml-1-2 26ms (cache hit)
395 silly packumentCache full:https://registry.npmjs.org/@swagger-api%2fapidom-parser-adapter-yaml-1-2 set size:290528 disposed:true
396 silly packumentCache full:https://registry.npmjs.org/@swagger-api%2fapidom-parser-adapter-yaml-1-2 dispose
397 silly fetch manifest web-tree-sitter@=0.24.5
398 silly packumentCache full:https://registry.npmjs.org/web-tree-sitter cache-miss
399 http fetch GET 200 https://registry.npmjs.org/@swagger-api%2fapidom-parser-adapter-yaml-1-2 30ms (cache hit)
400 silly packumentCache full:https://registry.npmjs.org/@swagger-api%2fapidom-parser-adapter-yaml-1-2 set size:290528 disposed:true
401 silly packumentCache full:https://registry.npmjs.org/@swagger-api%2fapidom-parser-adapter-yaml-1-2 dispose
402 silly fetch manifest follow-redirects@^1.15.6
403 silly packumentCache full:https://registry.npmjs.org/follow-redirects cache-miss
404 http fetch GET 200 https://registry.npmjs.org/@swagger-api%2fapidom-parser-adapter-json 33ms (cache hit)
405 silly packumentCache full:https://registry.npmjs.org/@swagger-api%2fapidom-parser-adapter-json set size:299346 disposed:false
406 silly packumentCache full:https://registry.npmjs.org/@swagger-api%2fapidom-parser-adapter-json dispose
407 silly fetch manifest form-data@^4.0.0
408 silly packumentCache full:https://registry.npmjs.org/form-data cache-miss
409 http fetch GET 200 https://registry.npmjs.org/@swagger-api%2fapidom-parser-adapter-yaml-1-2 13ms (cache hit)
410 silly packumentCache full:https://registry.npmjs.org/@swagger-api%2fapidom-parser-adapter-yaml-1-2 set size:290528 disposed:true
411 silly packumentCache full:https://registry.npmjs.org/@swagger-api%2fapidom-parser-adapter-yaml-1-2 dispose
412 silly fetch manifest proxy-from-env@^1.1.0
413 silly packumentCache full:https://registry.npmjs.org/proxy-from-env cache-miss
414 http fetch GET 200 https://registry.npmjs.org/form-data 51ms (cache miss)
415 silly packumentCache full:https://registry.npmjs.org/form-data set size:undefined disposed:false
416 silly fetch manifest brace-expansion@^2.0.1
417 silly packumentCache full:https://registry.npmjs.org/brace-expansion cache-miss
418 http fetch GET 200 https://registry.npmjs.org/follow-redirects 61ms (cache miss)
419 silly packumentCache full:https://registry.npmjs.org/follow-redirects set size:undefined disposed:false
420 http fetch GET 200 https://registry.npmjs.org/web-tree-sitter 125ms (cache miss)
421 silly packumentCache full:https://registry.npmjs.org/web-tree-sitter set size:undefined disposed:false
422 http fetch GET 200 https://registry.npmjs.org/tree-sitter 135ms (cache miss)
423 silly packumentCache full:https://registry.npmjs.org/tree-sitter set size:undefined disposed:false
424 http fetch GET 200 https://registry.npmjs.org/web-tree-sitter 116ms (cache miss)
425 silly packumentCache full:https://registry.npmjs.org/web-tree-sitter set size:undefined disposed:false
426 http fetch GET 200 https://registry.npmjs.org/tree-sitter-json 146ms (cache miss)
427 silly packumentCache full:https://registry.npmjs.org/tree-sitter-json set size:undefined disposed:false
428 http fetch GET 200 https://registry.npmjs.org/proxy-from-env 110ms (cache miss)
429 silly packumentCache full:https://registry.npmjs.org/proxy-from-env set size:undefined disposed:false
430 http fetch GET 200 https://registry.npmjs.org/tree-sitter 134ms (cache miss)
431 silly packumentCache full:https://registry.npmjs.org/tree-sitter set size:undefined disposed:false
432 http fetch GET 200 https://registry.npmjs.org/brace-expansion 86ms (cache miss)
433 silly packumentCache full:https://registry.npmjs.org/brace-expansion set size:undefined disposed:false
434 http fetch GET 200 https://registry.npmjs.org/@tree-sitter-grammars%2ftree-sitter-yaml 221ms (cache miss)
435 silly packumentCache full:https://registry.npmjs.org/@tree-sitter-grammars%2ftree-sitter-yaml set size:undefined disposed:false
436 http fetch GET 200 https://registry.npmjs.org/@swagger-api%2fapidom-ns-api-design-systems 332ms (cache miss)
437 silly packumentCache full:https://registry.npmjs.org/@swagger-api%2fapidom-ns-api-design-systems set size:undefined disposed:false
438 http fetch GET 200 https://registry.npmjs.org/@swagger-api%2fapidom-ns-api-design-systems 406ms (cache miss)
439 silly packumentCache full:https://registry.npmjs.org/@swagger-api%2fapidom-ns-api-design-systems set size:undefined disposed:false
440 silly placeDep ROOT @swagger-api/apidom-ns-api-design-systems@1.0.0-beta.12 OK for: @swagger-api/apidom-parser-adapter-api-design-systems-json@1.0.0-beta.12 want: ^1.0.0-beta.12
441 silly fetch manifest tree-sitter@^0.21.1
442 silly packumentCache full:https://registry.npmjs.org/tree-sitter cache-miss
443 http fetch GET 200 https://registry.npmjs.org/tree-sitter 2ms (cache hit)
444 silly packumentCache full:https://registry.npmjs.org/tree-sitter set size:432788 disposed:false
445 silly placeDep ROOT tree-sitter@0.22.1 OK for: @swagger-api/apidom-parser-adapter-json@1.0.0-beta.12 want: =0.22.1
446 silly placeDep ROOT tree-sitter-json@0.24.8 OK for: @swagger-api/apidom-parser-adapter-json@1.0.0-beta.12 want: =0.24.8
447 silly placeDep ROOT web-tree-sitter@0.24.5 OK for: @swagger-api/apidom-parser-adapter-json@1.0.0-beta.12 want: =0.24.5
448 silly fetch manifest node-addon-api@^8.2.1
449 silly packumentCache full:https://registry.npmjs.org/node-addon-api cache-miss
450 silly fetch manifest node-gyp-build@^4.8.2
451 silly packumentCache full:https://registry.npmjs.org/node-gyp-build cache-miss
452 silly fetch manifest node-addon-api@^8.2.2
453 silly packumentCache full:https://registry.npmjs.org/node-addon-api cache-miss
454 silly fetch manifest node-gyp-build@^4.8.2
455 silly packumentCache full:https://registry.npmjs.org/node-gyp-build cache-miss
456 http fetch GET 200 https://registry.npmjs.org/node-gyp-build 78ms (cache miss)
457 silly packumentCache full:https://registry.npmjs.org/node-gyp-build set size:undefined disposed:false
458 http fetch GET 200 https://registry.npmjs.org/node-gyp-build 89ms (cache miss)
459 silly packumentCache full:https://registry.npmjs.org/node-gyp-build set size:undefined disposed:false
460 http fetch GET 200 https://registry.npmjs.org/node-addon-api 115ms (cache miss)
461 silly packumentCache full:https://registry.npmjs.org/node-addon-api set size:undefined disposed:false
462 http fetch GET 200 https://registry.npmjs.org/node-addon-api 128ms (cache miss)
463 silly packumentCache full:https://registry.npmjs.org/node-addon-api set size:undefined disposed:false
464 silly placeDep ROOT @tree-sitter-grammars/tree-sitter-yaml@0.7.0 OK for: @swagger-api/apidom-parser-adapter-yaml-1-2@1.0.0-beta.12 want: =0.7.0
465 silly fetch manifest node-addon-api@^8.3.0
466 silly packumentCache full:https://registry.npmjs.org/node-addon-api cache-miss
467 silly fetch manifest node-gyp-build@^4.8.4
468 silly packumentCache full:https://registry.npmjs.org/node-gyp-build cache-miss
469 http fetch GET 200 https://registry.npmjs.org/node-gyp-build 4ms (cache hit)
470 silly packumentCache full:https://registry.npmjs.org/node-gyp-build set size:84545 disposed:false
471 http fetch GET 200 https://registry.npmjs.org/node-addon-api 5ms (cache hit)
472 silly packumentCache full:https://registry.npmjs.org/node-addon-api set size:309420 disposed:false
473 silly placeDep ROOT apg-lite@1.0.4 OK for: @swaggerexpert/cookie@2.0.2 want: ^1.0.3
474 silly placeDep ROOT node-addon-api@8.3.1 OK for: @tree-sitter-grammars/tree-sitter-yaml@0.7.0 want: ^8.3.0
475 silly placeDep ROOT node-gyp-build@4.8.4 OK for: @tree-sitter-grammars/tree-sitter-yaml@0.7.0 want: ^4.8.4
476 silly placeDep ROOT types-ramda@0.30.1 OK for: @types/ramda@0.30.2 want: ^0.30.1
477 silly fetch manifest ts-toolbelt@^9.6.0
478 silly packumentCache full:https://registry.npmjs.org/ts-toolbelt cache-miss
479 http fetch GET 200 https://registry.npmjs.org/ts-toolbelt 425ms (cache miss)
480 silly packumentCache full:https://registry.npmjs.org/ts-toolbelt set size:undefined disposed:false
481 silly placeDep ROOT follow-redirects@1.15.9 OK for: axios@1.8.1 want: ^1.15.6
482 silly placeDep ROOT form-data@4.0.2 OK for: axios@1.8.1 want: ^4.0.0
483 silly placeDep ROOT proxy-from-env@1.1.0 OK for: axios@1.8.1 want: ^1.1.0
484 silly fetch manifest asynckit@^0.4.0
485 silly packumentCache full:https://registry.npmjs.org/asynckit cache-miss
486 silly fetch manifest combined-stream@^1.0.8
487 silly packumentCache full:https://registry.npmjs.org/combined-stream cache-miss
488 silly fetch manifest es-set-tostringtag@^2.1.0
489 silly packumentCache full:https://registry.npmjs.org/es-set-tostringtag cache-miss
490 silly fetch manifest mime-types@^2.1.12
491 silly packumentCache full:https://registry.npmjs.org/mime-types cache-miss
492 http fetch GET 200 https://registry.npmjs.org/asynckit 55ms (cache miss)
493 silly packumentCache full:https://registry.npmjs.org/asynckit set size:undefined disposed:false
494 http fetch GET 200 https://registry.npmjs.org/es-set-tostringtag 62ms (cache miss)
495 silly packumentCache full:https://registry.npmjs.org/es-set-tostringtag set size:undefined disposed:false
496 http fetch GET 200 https://registry.npmjs.org/combined-stream 70ms (cache miss)
497 silly packumentCache full:https://registry.npmjs.org/combined-stream set size:undefined disposed:false
498 http fetch GET 200 https://registry.npmjs.org/mime-types 77ms (cache miss)
499 silly packumentCache full:https://registry.npmjs.org/mime-types set size:undefined disposed:false
500 silly placeDep ROOT asynckit@0.4.0 OK for: form-data@4.0.2 want: ^0.4.0
501 silly placeDep ROOT combined-stream@1.0.8 OK for: form-data@4.0.2 want: ^1.0.8
502 silly placeDep ROOT es-set-tostringtag@2.1.0 OK for: form-data@4.0.2 want: ^2.1.0
503 silly placeDep ROOT mime-types@2.1.35 OK for: form-data@4.0.2 want: ^2.1.12
504 silly fetch manifest delayed-stream@~1.0.0
505 silly packumentCache full:https://registry.npmjs.org/delayed-stream cache-miss
506 silly fetch manifest es-errors@^1.3.0
507 silly packumentCache full:https://registry.npmjs.org/es-errors cache-miss
508 silly fetch manifest get-intrinsic@^1.2.6
509 silly packumentCache full:https://registry.npmjs.org/get-intrinsic cache-miss
510 silly fetch manifest has-tostringtag@^1.0.2
511 silly packumentCache full:https://registry.npmjs.org/has-tostringtag cache-miss
512 silly fetch manifest hasown@^2.0.2
513 silly packumentCache full:https://registry.npmjs.org/hasown cache-miss
514 silly fetch manifest mime-db@1.52.0
515 silly packumentCache full:https://registry.npmjs.org/mime-db cache-miss
516 http fetch GET 200 https://registry.npmjs.org/has-tostringtag 56ms (cache miss)
517 silly packumentCache full:https://registry.npmjs.org/has-tostringtag set size:undefined disposed:false
518 http fetch GET 200 https://registry.npmjs.org/es-errors 58ms (cache miss)
519 silly packumentCache full:https://registry.npmjs.org/es-errors set size:undefined disposed:false
520 http fetch GET 200 https://registry.npmjs.org/hasown 75ms (cache miss)
521 silly packumentCache full:https://registry.npmjs.org/hasown set size:undefined disposed:false
522 http fetch GET 200 https://registry.npmjs.org/mime-db 90ms (cache miss)
523 silly packumentCache full:https://registry.npmjs.org/mime-db set size:undefined disposed:false
524 http fetch GET 200 https://registry.npmjs.org/delayed-stream 94ms (cache miss)
525 silly packumentCache full:https://registry.npmjs.org/delayed-stream set size:undefined disposed:false
526 http fetch GET 200 https://registry.npmjs.org/get-intrinsic 95ms (cache miss)
527 silly packumentCache full:https://registry.npmjs.org/get-intrinsic set size:undefined disposed:false
528 silly placeDep ROOT delayed-stream@1.0.0 OK for: combined-stream@1.0.8 want: ~1.0.0
529 silly placeDep ROOT es-errors@1.3.0 OK for: es-set-tostringtag@2.1.0 want: ^1.3.0
530 silly placeDep ROOT get-intrinsic@1.3.0 OK for: es-set-tostringtag@2.1.0 want: ^1.2.6
531 silly placeDep ROOT has-tostringtag@1.0.2 OK for: es-set-tostringtag@2.1.0 want: ^1.0.2
532 silly placeDep ROOT hasown@2.0.2 OK for: es-set-tostringtag@2.1.0 want: ^2.0.2
533 silly fetch manifest call-bind-apply-helpers@^1.0.2
534 silly packumentCache full:https://registry.npmjs.org/call-bind-apply-helpers cache-miss
535 silly fetch manifest es-define-property@^1.0.1
536 silly packumentCache full:https://registry.npmjs.org/es-define-property cache-miss
537 silly fetch manifest es-object-atoms@^1.1.1
538 silly packumentCache full:https://registry.npmjs.org/es-object-atoms cache-miss
539 silly fetch manifest function-bind@^1.1.2
540 silly packumentCache full:https://registry.npmjs.org/function-bind cache-miss
541 silly fetch manifest get-proto@^1.0.1
542 silly packumentCache full:https://registry.npmjs.org/get-proto cache-miss
543 silly fetch manifest gopd@^1.2.0
544 silly packumentCache full:https://registry.npmjs.org/gopd cache-miss
545 silly fetch manifest has-symbols@^1.1.0
546 silly packumentCache full:https://registry.npmjs.org/has-symbols cache-miss
547 silly fetch manifest math-intrinsics@^1.1.0
548 silly packumentCache full:https://registry.npmjs.org/math-intrinsics cache-miss
549 silly fetch manifest has-symbols@^1.0.3
550 silly packumentCache full:https://registry.npmjs.org/has-symbols cache-miss
551 silly fetch manifest function-bind@^1.1.2
552 silly packumentCache full:https://registry.npmjs.org/function-bind cache-miss
553 http fetch GET 200 https://registry.npmjs.org/get-proto 51ms (cache miss)
554 silly packumentCache full:https://registry.npmjs.org/get-proto set size:undefined disposed:false
555 http fetch GET 200 https://registry.npmjs.org/math-intrinsics 52ms (cache miss)
556 silly packumentCache full:https://registry.npmjs.org/math-intrinsics set size:undefined disposed:false
557 http fetch GET 200 https://registry.npmjs.org/has-symbols 55ms (cache miss)
558 silly packumentCache full:https://registry.npmjs.org/has-symbols set size:undefined disposed:false
559 http fetch GET 200 https://registry.npmjs.org/es-define-property 63ms (cache miss)
560 silly packumentCache full:https://registry.npmjs.org/es-define-property set size:undefined disposed:false
561 http fetch GET 200 https://registry.npmjs.org/call-bind-apply-helpers 66ms (cache miss)
562 silly packumentCache full:https://registry.npmjs.org/call-bind-apply-helpers set size:undefined disposed:false
563 http fetch GET 200 https://registry.npmjs.org/function-bind 70ms (cache miss)
564 silly packumentCache full:https://registry.npmjs.org/function-bind set size:undefined disposed:false
565 http fetch GET 200 https://registry.npmjs.org/es-object-atoms 72ms (cache miss)
566 silly packumentCache full:https://registry.npmjs.org/es-object-atoms set size:undefined disposed:false
567 http fetch GET 200 https://registry.npmjs.org/has-symbols 74ms (cache miss)
568 silly packumentCache full:https://registry.npmjs.org/has-symbols set size:undefined disposed:false
569 http fetch GET 200 https://registry.npmjs.org/function-bind 76ms (cache miss)
570 silly packumentCache full:https://registry.npmjs.org/function-bind set size:undefined disposed:false
571 http fetch GET 200 https://registry.npmjs.org/gopd 77ms (cache miss)
572 silly packumentCache full:https://registry.npmjs.org/gopd set size:undefined disposed:false
573 silly placeDep ROOT call-bind-apply-helpers@1.0.2 OK for: get-intrinsic@1.3.0 want: ^1.0.2
574 silly placeDep ROOT es-define-property@1.0.1 OK for: get-intrinsic@1.3.0 want: ^1.0.1
575 silly placeDep ROOT es-object-atoms@1.1.1 OK for: get-intrinsic@1.3.0 want: ^1.1.1
576 silly placeDep ROOT function-bind@1.1.2 OK for: get-intrinsic@1.3.0 want: ^1.1.2
577 silly placeDep ROOT get-proto@1.0.1 OK for: get-intrinsic@1.3.0 want: ^1.0.1
578 silly placeDep ROOT gopd@1.2.0 OK for: get-intrinsic@1.3.0 want: ^1.2.0
579 silly placeDep ROOT has-symbols@1.1.0 OK for: get-intrinsic@1.3.0 want: ^1.1.0
580 silly placeDep ROOT math-intrinsics@1.1.0 OK for: get-intrinsic@1.3.0 want: ^1.1.0
581 silly fetch manifest dunder-proto@^1.0.1
582 silly packumentCache full:https://registry.npmjs.org/dunder-proto cache-miss
583 http fetch GET 200 https://registry.npmjs.org/dunder-proto 70ms (cache miss)
584 silly packumentCache full:https://registry.npmjs.org/dunder-proto set size:undefined disposed:false
585 silly placeDep ROOT dunder-proto@1.0.1 OK for: get-proto@1.0.1 want: ^1.0.1
586 silly placeDep ROOT argparse@2.0.1 OK for: js-yaml@4.1.0 want: ^2.0.1
587 silly placeDep ROOT mime-db@1.52.0 OK for: mime-types@2.1.35 want: 1.52.0
588 silly placeDep ROOT lodash@4.17.21 OK for: minim@0.23.8 want: ^4.15.0
589 silly placeDep ROOT brace-expansion@2.0.1 OK for: minimatch@7.4.6 want: ^2.0.1
590 silly fetch manifest balanced-match@^1.0.0
591 silly packumentCache full:https://registry.npmjs.org/balanced-match cache-miss
592 http fetch GET 200 https://registry.npmjs.org/balanced-match 51ms (cache miss)
593 silly packumentCache full:https://registry.npmjs.org/balanced-match set size:undefined disposed:false
594 silly placeDep ROOT balanced-match@1.0.2 OK for: brace-expansion@2.0.1 want: ^1.0.0
595 silly placeDep ROOT node-domexception@1.0.0 OK for: node-fetch-commonjs@3.3.2 want: ^1.0.0
596 silly placeDep ROOT web-streams-polyfill@3.3.3 OK for: node-fetch-commonjs@3.3.2 want: ^3.0.3
597 silly placeDep ROOT tree-sitter@0.21.1 REPLACE for: tree-sitter-json@0.24.8 want: ^0.21.1
598 silly placeDep node_modules/@swagger-api/apidom-parser-adapter-json tree-sitter@0.22.1 OK for: @swagger-api/apidom-parser-adapter-json@1.0.0-beta.12 want: =0.22.1
599 silly placeDep node_modules/@swagger-api/apidom-parser-adapter-yaml-1-2 @tree-sitter-grammars/tree-sitter-yaml@0.7.0 OK for: @swagger-api/apidom-parser-adapter-yaml-1-2@1.0.0-beta.12 want: =0.7.0
600 silly placeDep node_modules/@swagger-api/apidom-parser-adapter-yaml-1-2 tree-sitter@0.22.1 OK for: @tree-sitter-grammars/tree-sitter-yaml@0.7.0 want: ^0.22.1
601 silly placeDep ROOT ts-toolbelt@9.6.0 OK for: types-ramda@0.30.1 want: ^9.6.0
602 silly reify moves {}
603 silly tarball no local data for tree-sitter@https://registry.npmjs.org/tree-sitter/-/tree-sitter-0.21.1.tgz. Extracting by manifest.
604 silly tarball no local data for ts-toolbelt@https://registry.npmjs.org/ts-toolbelt/-/ts-toolbelt-9.6.0.tgz. Extracting by manifest.
605 silly tarball no local data for web-streams-polyfill@https://registry.npmjs.org/web-streams-polyfill/-/web-streams-polyfill-3.3.3.tgz. Extracting by manifest.
606 silly tarball no local data for node-domexception@https://registry.npmjs.org/node-domexception/-/node-domexception-1.0.0.tgz. Extracting by manifest.
607 silly tarball no local data for balanced-match@https://registry.npmjs.org/balanced-match/-/balanced-match-1.0.2.tgz. Extracting by manifest.
608 silly tarball no local data for brace-expansion@https://registry.npmjs.org/brace-expansion/-/brace-expansion-2.0.1.tgz. Extracting by manifest.
609 silly tarball no local data for lodash@https://registry.npmjs.org/lodash/-/lodash-4.17.21.tgz. Extracting by manifest.
610 silly tarball no local data for mime-db@https://registry.npmjs.org/mime-db/-/mime-db-1.52.0.tgz. Extracting by manifest.
611 silly tarball no local data for argparse@https://registry.npmjs.org/argparse/-/argparse-2.0.1.tgz. Extracting by manifest.
612 silly tarball no local data for math-intrinsics@https://registry.npmjs.org/math-intrinsics/-/math-intrinsics-1.1.0.tgz. Extracting by manifest.
613 silly tarball no local data for dunder-proto@https://registry.npmjs.org/dunder-proto/-/dunder-proto-1.0.1.tgz. Extracting by manifest.
614 silly tarball no local data for gopd@https://registry.npmjs.org/gopd/-/gopd-1.2.0.tgz. Extracting by manifest.
615 silly tarball no local data for has-symbols@https://registry.npmjs.org/has-symbols/-/has-symbols-1.1.0.tgz. Extracting by manifest.
616 silly tarball no local data for get-proto@https://registry.npmjs.org/get-proto/-/get-proto-1.0.1.tgz. Extracting by manifest.
617 silly tarball no local data for function-bind@https://registry.npmjs.org/function-bind/-/function-bind-1.1.2.tgz. Extracting by manifest.
618 silly tarball no local data for es-object-atoms@https://registry.npmjs.org/es-object-atoms/-/es-object-atoms-1.1.1.tgz. Extracting by manifest.
619 silly tarball no local data for es-define-property@https://registry.npmjs.org/es-define-property/-/es-define-property-1.0.1.tgz. Extracting by manifest.
620 silly tarball no local data for call-bind-apply-helpers@https://registry.npmjs.org/call-bind-apply-helpers/-/call-bind-apply-helpers-1.0.2.tgz. Extracting by manifest.
621 silly tarball no local data for has-tostringtag@https://registry.npmjs.org/has-tostringtag/-/has-tostringtag-1.0.2.tgz. Extracting by manifest.
622 silly tarball no local data for hasown@https://registry.npmjs.org/hasown/-/hasown-2.0.2.tgz. Extracting by manifest.
623 silly tarball no local data for es-errors@https://registry.npmjs.org/es-errors/-/es-errors-1.3.0.tgz. Extracting by manifest.
624 silly tarball no local data for get-intrinsic@https://registry.npmjs.org/get-intrinsic/-/get-intrinsic-1.3.0.tgz. Extracting by manifest.
625 silly tarball no local data for delayed-stream@https://registry.npmjs.org/delayed-stream/-/delayed-stream-1.0.0.tgz. Extracting by manifest.
626 silly tarball no local data for mime-types@https://registry.npmjs.org/mime-types/-/mime-types-2.1.35.tgz. Extracting by manifest.
627 silly tarball no local data for es-set-tostringtag@https://registry.npmjs.org/es-set-tostringtag/-/es-set-tostringtag-2.1.0.tgz. Extracting by manifest.
628 silly tarball no local data for combined-stream@https://registry.npmjs.org/combined-stream/-/combined-stream-1.0.8.tgz. Extracting by manifest.
629 silly tarball no local data for asynckit@https://registry.npmjs.org/asynckit/-/asynckit-0.4.0.tgz. Extracting by manifest.
630 silly tarball no local data for form-data@https://registry.npmjs.org/form-data/-/form-data-4.0.2.tgz. Extracting by manifest.
631 silly tarball no local data for proxy-from-env@https://registry.npmjs.org/proxy-from-env/-/proxy-from-env-1.1.0.tgz. Extracting by manifest.
632 silly tarball no local data for follow-redirects@https://registry.npmjs.org/follow-redirects/-/follow-redirects-1.15.9.tgz. Extracting by manifest.
633 silly tarball no local data for types-ramda@https://registry.npmjs.org/types-ramda/-/types-ramda-0.30.1.tgz. Extracting by manifest.
634 silly tarball no local data for node-gyp-build@https://registry.npmjs.org/node-gyp-build/-/node-gyp-build-4.8.4.tgz. Extracting by manifest.
635 silly tarball no local data for apg-lite@https://registry.npmjs.org/apg-lite/-/apg-lite-1.0.4.tgz. Extracting by manifest.
636 silly tarball no local data for node-addon-api@https://registry.npmjs.org/node-addon-api/-/node-addon-api-8.3.1.tgz. Extracting by manifest.
637 silly tarball no local data for web-tree-sitter@https://registry.npmjs.org/web-tree-sitter/-/web-tree-sitter-0.24.5.tgz. Extracting by manifest.
638 silly tarball no local data for tree-sitter-json@https://registry.npmjs.org/tree-sitter-json/-/tree-sitter-json-0.24.8.tgz. Extracting by manifest.
639 silly tarball no local data for process@https://registry.npmjs.org/process/-/process-0.11.10.tgz. Extracting by manifest.
640 silly tarball no local data for @swagger-api/apidom-ns-api-design-systems@https://registry.npmjs.org/@swagger-api/apidom-ns-api-design-systems/-/apidom-ns-api-design-systems-1.0.0-beta.12.tgz. Extracting by manifest.
641 silly tarball no local data for minimatch@https://registry.npmjs.org/minimatch/-/minimatch-7.4.6.tgz. Extracting by manifest.
642 silly tarball no local data for axios@https://registry.npmjs.org/axios/-/axios-1.8.1.tgz. Extracting by manifest.
643 silly tarball no local data for @swagger-api/apidom-parser-adapter-workflows-yaml-1@https://registry.npmjs.org/@swagger-api/apidom-parser-adapter-workflows-yaml-1/-/apidom-parser-adapter-workflows-yaml-1-1.0.0-beta.12.tgz. Extracting by manifest.
644 silly tarball no local data for @swagger-api/apidom-parser-adapter-workflows-json-1@https://registry.npmjs.org/@swagger-api/apidom-parser-adapter-workflows-json-1/-/apidom-parser-adapter-workflows-json-1-1.0.0-beta.12.tgz. Extracting by manifest.
645 silly tarball no local data for @swagger-api/apidom-parser-adapter-yaml-1-2@https://registry.npmjs.org/@swagger-api/apidom-parser-adapter-yaml-1-2/-/apidom-parser-adapter-yaml-1-2-1.0.0-beta.12.tgz. Extracting by manifest.
646 silly tarball no local data for @swagger-api/apidom-parser-adapter-openapi-yaml-3-1@https://registry.npmjs.org/@swagger-api/apidom-parser-adapter-openapi-yaml-3-1/-/apidom-parser-adapter-openapi-yaml-3-1-1.0.0-beta.12.tgz. Extracting by manifest.
647 silly tarball no local data for @swagger-api/apidom-parser-adapter-openapi-json-3-1@https://registry.npmjs.org/@swagger-api/apidom-parser-adapter-openapi-json-3-1/-/apidom-parser-adapter-openapi-json-3-1-1.0.0-beta.12.tgz. Extracting by manifest.
648 silly tarball no local data for @swagger-api/apidom-parser-adapter-openapi-json-3-0@https://registry.npmjs.org/@swagger-api/apidom-parser-adapter-openapi-json-3-0/-/apidom-parser-adapter-openapi-json-3-0-1.0.0-beta.12.tgz. Extracting by manifest.
649 silly tarball no local data for @swagger-api/apidom-parser-adapter-openapi-yaml-2@https://registry.npmjs.org/@swagger-api/apidom-parser-adapter-openapi-yaml-2/-/apidom-parser-adapter-openapi-yaml-2-1.0.0-beta.12.tgz. Extracting by manifest.
650 silly tarball no local data for @swagger-api/apidom-parser-adapter-openapi-yaml-3-0@https://registry.npmjs.org/@swagger-api/apidom-parser-adapter-openapi-yaml-3-0/-/apidom-parser-adapter-openapi-yaml-3-0-1.0.0-beta.12.tgz. Extracting by manifest.
651 silly tarball no local data for @swagger-api/apidom-parser-adapter-openapi-json-2@https://registry.npmjs.org/@swagger-api/apidom-parser-adapter-openapi-json-2/-/apidom-parser-adapter-openapi-json-2-1.0.0-beta.12.tgz. Extracting by manifest.
652 silly tarball no local data for @swagger-api/apidom-parser-adapter-json@https://registry.npmjs.org/@swagger-api/apidom-parser-adapter-json/-/apidom-parser-adapter-json-1.0.0-beta.12.tgz. Extracting by manifest.
653 silly tarball no local data for @swagger-api/apidom-parser-adapter-asyncapi-yaml-2@https://registry.npmjs.org/@swagger-api/apidom-parser-adapter-asyncapi-yaml-2/-/apidom-parser-adapter-asyncapi-yaml-2-1.0.0-beta.12.tgz. Extracting by manifest.
654 silly tarball no local data for @swagger-api/apidom-parser-adapter-asyncapi-json-2@https://registry.npmjs.org/@swagger-api/apidom-parser-adapter-asyncapi-json-2/-/apidom-parser-adapter-asyncapi-json-2-1.0.0-beta.12.tgz. Extracting by manifest.
655 silly tarball no local data for @swagger-api/apidom-parser-adapter-api-design-systems-yaml@https://registry.npmjs.org/@swagger-api/apidom-parser-adapter-api-design-systems-yaml/-/apidom-parser-adapter-api-design-systems-yaml-1.0.0-beta.12.tgz. Extracting by manifest.
656 silly tarball no local data for @swagger-api/apidom-parser-adapter-api-design-systems-json@https://registry.npmjs.org/@swagger-api/apidom-parser-adapter-api-design-systems-json/-/apidom-parser-adapter-api-design-systems-json-1.0.0-beta.12.tgz. Extracting by manifest.
657 silly tarball no local data for @swagger-api/apidom-ns-openapi-2@https://registry.npmjs.org/@swagger-api/apidom-ns-openapi-2/-/apidom-ns-openapi-2-1.0.0-beta.12.tgz. Extracting by manifest.
658 silly tarball no local data for @swagger-api/apidom-ns-workflows-1@https://registry.npmjs.org/@swagger-api/apidom-ns-workflows-1/-/apidom-ns-workflows-1-1.0.0-beta.12.tgz. Extracting by manifest.
659 silly tarball no local data for @swagger-api/apidom-ns-asyncapi-2@https://registry.npmjs.org/@swagger-api/apidom-ns-asyncapi-2/-/apidom-ns-asyncapi-2-1.0.0-beta.12.tgz. Extracting by manifest.
660 silly tarball no local data for @swagger-api/apidom-ns-json-schema-draft-4@https://registry.npmjs.org/@swagger-api/apidom-ns-json-schema-draft-4/-/apidom-ns-json-schema-draft-4-1.0.0-beta.12.tgz. Extracting by manifest.
661 silly tarball no local data for @swagger-api/apidom-ns-json-schema-draft-6@https://registry.npmjs.org/@swagger-api/apidom-ns-json-schema-draft-6/-/apidom-ns-json-schema-draft-6-1.0.0-beta.12.tgz. Extracting by manifest.
662 silly tarball no local data for @swagger-api/apidom-ns-json-schema-draft-7@https://registry.npmjs.org/@swagger-api/apidom-ns-json-schema-draft-7/-/apidom-ns-json-schema-draft-7-1.0.0-beta.12.tgz. Extracting by manifest.
663 silly tarball no local data for @swagger-api/apidom-ns-openapi-3-0@https://registry.npmjs.org/@swagger-api/apidom-ns-openapi-3-0/-/apidom-ns-openapi-3-0-1.0.0-beta.12.tgz. Extracting by manifest.
664 silly tarball no local data for @swagger-api/apidom-ns-json-schema-2019-09@https://registry.npmjs.org/@swagger-api/apidom-ns-json-schema-2019-09/-/apidom-ns-json-schema-2019-09-1.0.0-beta.12.tgz. Extracting by manifest.
665 silly tarball no local data for ts-mixer@https://registry.npmjs.org/ts-mixer/-/ts-mixer-6.0.4.tgz. Extracting by manifest.
666 silly tarball no local data for short-unique-id@https://registry.npmjs.org/short-unique-id/-/short-unique-id-5.2.0.tgz. Extracting by manifest.
667 silly tarball no local data for unraw@https://registry.npmjs.org/unraw/-/unraw-3.0.0.tgz. Extracting by manifest.
668 silly tarball no local data for @swagger-api/apidom-ns-json-schema-2020-12@https://registry.npmjs.org/@swagger-api/apidom-ns-json-schema-2020-12/-/apidom-ns-json-schema-2020-12-1.0.0-beta.12.tgz. Extracting by manifest.
669 silly tarball no local data for minim@https://registry.npmjs.org/minim/-/minim-0.23.8.tgz. Extracting by manifest.
670 silly tarball no local data for @types/ramda@https://registry.npmjs.org/@types/ramda/-/ramda-0.30.2.tgz. Extracting by manifest.
671 silly tarball no local data for regenerator-runtime@https://registry.npmjs.org/regenerator-runtime/-/regenerator-runtime-0.14.1.tgz. Extracting by manifest.
672 silly tarball no local data for @swagger-api/apidom-ast@https://registry.npmjs.org/@swagger-api/apidom-ast/-/apidom-ast-1.0.0-beta.12.tgz. Extracting by manifest.
673 silly tarball no local data for core-js-pure@https://registry.npmjs.org/core-js-pure/-/core-js-pure-3.41.0.tgz. Extracting by manifest.
674 silly tarball no local data for ramda-adjunct@https://registry.npmjs.org/ramda-adjunct/-/ramda-adjunct-5.1.0.tgz. Extracting by manifest.
675 silly tarball no local data for ramda@https://registry.npmjs.org/ramda/-/ramda-0.30.1.tgz. Extracting by manifest.
676 silly tarball no local data for openapi-server-url-templating@https://registry.npmjs.org/openapi-server-url-templating/-/openapi-server-url-templating-1.3.0.tgz. Extracting by manifest.
677 silly tarball no local data for openapi-path-templating@https://registry.npmjs.org/openapi-path-templating/-/openapi-path-templating-2.1.0.tgz. Extracting by manifest.
678 silly tarball no local data for node-fetch-commonjs@https://registry.npmjs.org/node-fetch-commonjs/-/node-fetch-commonjs-3.3.2.tgz. Extracting by manifest.
679 silly tarball no local data for neotraverse@https://registry.npmjs.org/neotraverse/-/neotraverse-0.6.18.tgz. Extracting by manifest.
680 silly tarball no local data for node-abort-controller@https://registry.npmjs.org/node-abort-controller/-/node-abort-controller-3.1.1.tgz. Extracting by manifest.
681 silly tarball no local data for js-yaml@https://registry.npmjs.org/js-yaml/-/js-yaml-4.1.0.tgz. Extracting by manifest.
682 silly tarball no local data for fast-json-patch@https://registry.npmjs.org/fast-json-patch/-/fast-json-patch-3.1.1.tgz. Extracting by manifest.
683 silly tarball no local data for deepmerge@https://registry.npmjs.org/deepmerge/-/deepmerge-4.3.1.tgz. Extracting by manifest.
684 silly tarball no local data for @swagger-api/apidom-reference@https://registry.npmjs.org/@swagger-api/apidom-reference/-/apidom-reference-1.0.0-beta.12.tgz. Extracting by manifest.
685 silly tarball no local data for @swagger-api/apidom-ns-openapi-3-1@https://registry.npmjs.org/@swagger-api/apidom-ns-openapi-3-1/-/apidom-ns-openapi-3-1-1.0.0-beta.12.tgz. Extracting by manifest.
686 silly tarball no local data for @swaggerexpert/cookie@https://registry.npmjs.org/@swaggerexpert/cookie/-/cookie-2.0.2.tgz. Extracting by manifest.
687 silly tarball no local data for @swagger-api/apidom-error@https://registry.npmjs.org/@swagger-api/apidom-error/-/apidom-error-1.0.0-beta.12.tgz. Extracting by manifest.
688 silly tarball no local data for @swagger-api/apidom-core@https://registry.npmjs.org/@swagger-api/apidom-core/-/apidom-core-1.0.0-beta.12.tgz. Extracting by manifest.
689 silly tarball no local data for @swagger-api/apidom-json-pointer@https://registry.npmjs.org/@swagger-api/apidom-json-pointer/-/apidom-json-pointer-1.0.0-beta.12.tgz. Extracting by manifest.
690 silly tarball no local data for @scarf/scarf@https://registry.npmjs.org/@scarf/scarf/-/scarf-1.4.0.tgz. Extracting by manifest.
691 silly tarball no local data for @babel/runtime-corejs3@https://registry.npmjs.org/@babel/runtime-corejs3/-/runtime-corejs3-7.26.9.tgz. Extracting by manifest.
692 silly tarball no local data for yaml@https://registry.npmjs.org/yaml/-/yaml-2.7.0.tgz. Extracting by manifest.
693 silly tarball no local data for tinypool@https://registry.npmjs.org/tinypool/-/tinypool-1.0.2.tgz. Extracting by manifest.
694 silly tarball no local data for swagger-client@https://registry.npmjs.org/swagger-client/-/swagger-client-3.34.1.tgz. Extracting by manifest.
695 silly tarball no local data for openapi-red@https://registry.npmjs.org/openapi-red/-/openapi-red-2.2.2.tgz. Extracting by manifest.
696 silly tarball no local data for tree-sitter@https://registry.npmjs.org/tree-sitter/-/tree-sitter-0.22.1.tgz. Extracting by manifest.
697 silly tarball no local data for tree-sitter@https://registry.npmjs.org/tree-sitter/-/tree-sitter-0.22.1.tgz. Extracting by manifest.
698 silly tarball no local data for @tree-sitter-grammars/tree-sitter-yaml@https://registry.npmjs.org/@tree-sitter-grammars/tree-sitter-yaml/-/tree-sitter-yaml-0.7.0.tgz. Extracting by manifest.
699 http fetch GET 200 https://registry.npmjs.org/brace-expansion/-/brace-expansion-2.0.1.tgz 163ms (cache miss)
700 http fetch GET 200 https://registry.npmjs.org/ts-toolbelt/-/ts-toolbelt-9.6.0.tgz 173ms (cache miss)
701 http fetch GET 200 https://registry.npmjs.org/node-domexception/-/node-domexception-1.0.0.tgz 179ms (cache miss)
702 http fetch GET 200 https://registry.npmjs.org/mime-db/-/mime-db-1.52.0.tgz 220ms (cache miss)
703 http fetch GET 200 https://registry.npmjs.org/es-object-atoms/-/es-object-atoms-1.1.1.tgz 266ms (cache miss)
704 http fetch GET 200 https://registry.npmjs.org/es-define-property/-/es-define-property-1.0.1.tgz 283ms (cache miss)
705 http fetch GET 200 https://registry.npmjs.org/call-bind-apply-helpers/-/call-bind-apply-helpers-1.0.2.tgz 296ms (cache miss)
706 http fetch GET 200 https://registry.npmjs.org/has-tostringtag/-/has-tostringtag-1.0.2.tgz 340ms (cache miss)
707 http fetch GET 200 https://registry.npmjs.org/hasown/-/hasown-2.0.2.tgz 393ms (cache miss)
708 http fetch GET 200 https://registry.npmjs.org/math-intrinsics/-/math-intrinsics-1.1.0.tgz 429ms (cache miss)
709 http fetch GET 200 https://registry.npmjs.org/get-proto/-/get-proto-1.0.1.tgz 444ms (cache miss)
710 http fetch GET 200 https://registry.npmjs.org/delayed-stream/-/delayed-stream-1.0.0.tgz 459ms (cache miss)
711 http fetch GET 200 https://registry.npmjs.org/mime-types/-/mime-types-2.1.35.tgz 479ms (cache miss)
712 http fetch GET 200 https://registry.npmjs.org/get-intrinsic/-/get-intrinsic-1.3.0.tgz 490ms (cache miss)
713 http fetch GET 200 https://registry.npmjs.org/es-set-tostringtag/-/es-set-tostringtag-2.1.0.tgz 525ms (cache miss)
714 http fetch GET 200 https://registry.npmjs.org/gopd/-/gopd-1.2.0.tgz 534ms (cache miss)
715 http fetch GET 200 https://registry.npmjs.org/combined-stream/-/combined-stream-1.0.8.tgz 530ms (cache miss)
716 http fetch GET 200 https://registry.npmjs.org/asynckit/-/asynckit-0.4.0.tgz 532ms (cache miss)
717 http fetch GET 200 https://registry.npmjs.org/tree-sitter/-/tree-sitter-0.21.1.tgz 542ms (cache miss)
718 http fetch GET 200 https://registry.npmjs.org/form-data/-/form-data-4.0.2.tgz 536ms (cache miss)
719 http fetch GET 200 https://registry.npmjs.org/proxy-from-env/-/proxy-from-env-1.1.0.tgz 543ms (cache miss)
720 http fetch GET 200 https://registry.npmjs.org/lodash/-/lodash-4.17.21.tgz 554ms (cache miss)
721 http fetch GET 200 https://registry.npmjs.org/follow-redirects/-/follow-redirects-1.15.9.tgz 589ms (cache miss)
722 http fetch GET 200 https://registry.npmjs.org/types-ramda/-/types-ramda-0.30.1.tgz 610ms (cache miss)
723 http fetch GET 200 https://registry.npmjs.org/dunder-proto/-/dunder-proto-1.0.1.tgz 622ms (cache miss)
724 http fetch GET 200 https://registry.npmjs.org/node-gyp-build/-/node-gyp-build-4.8.4.tgz 614ms (cache miss)
725 http fetch GET 200 https://registry.npmjs.org/tree-sitter-json/-/tree-sitter-json-0.24.8.tgz 648ms (cache miss)
726 http fetch GET 200 https://registry.npmjs.org/node-addon-api/-/node-addon-api-8.3.1.tgz 662ms (cache miss)
727 http fetch GET 200 https://registry.npmjs.org/process/-/process-0.11.10.tgz 665ms (cache miss)
728 http fetch GET 200 https://registry.npmjs.org/web-streams-polyfill/-/web-streams-polyfill-3.3.3.tgz 689ms (cache miss)
729 http fetch GET 200 https://registry.npmjs.org/balanced-match/-/balanced-match-1.0.2.tgz 698ms (cache miss)
730 http fetch GET 200 https://registry.npmjs.org/web-tree-sitter/-/web-tree-sitter-0.24.5.tgz 689ms (cache miss)
731 http fetch GET 200 https://registry.npmjs.org/function-bind/-/function-bind-1.1.2.tgz 704ms (cache miss)
732 http fetch GET 200 https://registry.npmjs.org/apg-lite/-/apg-lite-1.0.4.tgz 697ms (cache miss)
733 http fetch GET 200 https://registry.npmjs.org/has-symbols/-/has-symbols-1.1.0.tgz 706ms (cache miss)
734 http fetch GET 200 https://registry.npmjs.org/minimatch/-/minimatch-7.4.6.tgz 698ms (cache miss)
735 http fetch GET 200 https://registry.npmjs.org/es-errors/-/es-errors-1.3.0.tgz 764ms (cache miss)
736 http fetch GET 200 https://registry.npmjs.org/argparse/-/argparse-2.0.1.tgz 770ms (cache miss)
737 http fetch GET 200 https://registry.npmjs.org/@swagger-api/apidom-ns-api-design-systems/-/apidom-ns-api-design-systems-1.0.0-beta.12.tgz 1079ms (cache miss)
738 http fetch GET 200 https://registry.npmjs.org/@swagger-api/apidom-parser-adapter-openapi-json-3-1/-/apidom-parser-adapter-openapi-json-3-1-1.0.0-beta.12.tgz 1102ms (cache miss)
739 http fetch GET 200 https://registry.npmjs.org/@swagger-api/apidom-parser-adapter-openapi-json-3-0/-/apidom-parser-adapter-openapi-json-3-0-1.0.0-beta.12.tgz 1108ms (cache miss)
740 http fetch GET 200 https://registry.npmjs.org/@swagger-api/apidom-parser-adapter-openapi-yaml-2/-/apidom-parser-adapter-openapi-yaml-2-1.0.0-beta.12.tgz 1152ms (cache miss)
741 http fetch GET 200 https://registry.npmjs.org/@swagger-api/apidom-parser-adapter-asyncapi-yaml-2/-/apidom-parser-adapter-asyncapi-yaml-2-1.0.0-beta.12.tgz 1213ms (cache miss)
742 http fetch GET 200 https://registry.npmjs.org/@swagger-api/apidom-ns-json-schema-draft-4/-/apidom-ns-json-schema-draft-4-1.0.0-beta.12.tgz 1479ms (cache miss)
743 http fetch GET 200 https://registry.npmjs.org/@swagger-api/apidom-parser-adapter-workflows-yaml-1/-/apidom-parser-adapter-workflows-yaml-1-1.0.0-beta.12.tgz 1495ms (cache miss)
744 http fetch GET 200 https://registry.npmjs.org/@swagger-api/apidom-ns-openapi-2/-/apidom-ns-openapi-2-1.0.0-beta.12.tgz 1553ms (cache miss)
745 http fetch GET 200 https://registry.npmjs.org/@swagger-api/apidom-parser-adapter-openapi-json-2/-/apidom-parser-adapter-openapi-json-2-1.0.0-beta.12.tgz 1560ms (cache miss)
746 http fetch GET 200 https://registry.npmjs.org/@swagger-api/apidom-ns-workflows-1/-/apidom-ns-workflows-1-1.0.0-beta.12.tgz 1560ms (cache miss)
747 http fetch GET 200 https://registry.npmjs.org/@swagger-api/apidom-parser-adapter-api-design-systems-json/-/apidom-parser-adapter-api-design-systems-json-1.0.0-beta.12.tgz 1586ms (cache miss)
748 http fetch GET 200 https://registry.npmjs.org/@swagger-api/apidom-parser-adapter-openapi-yaml-3-0/-/apidom-parser-adapter-openapi-yaml-3-0-1.0.0-beta.12.tgz 1602ms (cache miss)
749 http fetch GET 200 https://registry.npmjs.org/@swagger-api/apidom-parser-adapter-yaml-1-2/-/apidom-parser-adapter-yaml-1-2-1.0.0-beta.12.tgz 1604ms (cache miss)
750 http fetch GET 200 https://registry.npmjs.org/@swagger-api/apidom-parser-adapter-workflows-json-1/-/apidom-parser-adapter-workflows-json-1-1.0.0-beta.12.tgz 1605ms (cache miss)
751 http fetch GET 200 https://registry.npmjs.org/@swagger-api/apidom-ns-json-schema-draft-6/-/apidom-ns-json-schema-draft-6-1.0.0-beta.12.tgz 1627ms (cache miss)
752 http fetch GET 200 https://registry.npmjs.org/@swagger-api/apidom-parser-adapter-asyncapi-json-2/-/apidom-parser-adapter-asyncapi-json-2-1.0.0-beta.12.tgz 1632ms (cache miss)
753 http fetch GET 200 https://registry.npmjs.org/axios/-/axios-1.8.1.tgz 1648ms (cache miss)
754 http fetch GET 200 https://registry.npmjs.org/ts-mixer/-/ts-mixer-6.0.4.tgz 1641ms (cache miss)
755 http fetch GET 200 https://registry.npmjs.org/unraw/-/unraw-3.0.0.tgz 1643ms (cache miss)
756 http fetch GET 200 https://registry.npmjs.org/minim/-/minim-0.23.8.tgz 1673ms (cache miss)
757 http fetch GET 200 https://registry.npmjs.org/@swagger-api/apidom-ns-json-schema-draft-7/-/apidom-ns-json-schema-draft-7-1.0.0-beta.12.tgz 1691ms (cache miss)
758 http fetch GET 200 https://registry.npmjs.org/regenerator-runtime/-/regenerator-runtime-0.14.1.tgz 1693ms (cache miss)
759 http fetch GET 200 https://registry.npmjs.org/short-unique-id/-/short-unique-id-5.2.0.tgz 1780ms (cache miss)
760 http fetch GET 200 https://registry.npmjs.org/@swagger-api/apidom-parser-adapter-json/-/apidom-parser-adapter-json-1.0.0-beta.12.tgz 1864ms (cache miss)
761 http fetch GET 200 https://registry.npmjs.org/openapi-server-url-templating/-/openapi-server-url-templating-1.3.0.tgz 1914ms (cache miss)
762 http fetch GET 200 https://registry.npmjs.org/@swagger-api/apidom-ast/-/apidom-ast-1.0.0-beta.12.tgz 1932ms (cache miss)
763 http fetch GET 200 https://registry.npmjs.org/@swagger-api/apidom-parser-adapter-api-design-systems-yaml/-/apidom-parser-adapter-api-design-systems-yaml-1.0.0-beta.12.tgz 1948ms (cache miss)
764 http fetch GET 200 https://registry.npmjs.org/node-fetch-commonjs/-/node-fetch-commonjs-3.3.2.tgz 1939ms (cache miss)
765 http fetch GET 200 https://registry.npmjs.org/@swagger-api/apidom-ns-json-schema-2019-09/-/apidom-ns-json-schema-2019-09-1.0.0-beta.12.tgz 1976ms (cache miss)
766 http fetch GET 200 https://registry.npmjs.org/@swagger-api/apidom-ns-json-schema-2020-12/-/apidom-ns-json-schema-2020-12-1.0.0-beta.12.tgz 1974ms (cache miss)
767 http fetch GET 200 https://registry.npmjs.org/neotraverse/-/neotraverse-0.6.18.tgz 1975ms (cache miss)
768 http fetch GET 200 https://registry.npmjs.org/node-abort-controller/-/node-abort-controller-3.1.1.tgz 1979ms (cache miss)
769 http fetch GET 200 https://registry.npmjs.org/js-yaml/-/js-yaml-4.1.0.tgz 2019ms (cache miss)
770 http fetch GET 200 https://registry.npmjs.org/deepmerge/-/deepmerge-4.3.1.tgz 2020ms (cache miss)
771 http fetch GET 200 https://registry.npmjs.org/@types/ramda/-/ramda-0.30.2.tgz 2026ms (cache miss)
772 http fetch GET 200 https://registry.npmjs.org/@swagger-api/apidom-ns-openapi-3-0/-/apidom-ns-openapi-3-0-1.0.0-beta.12.tgz 2034ms (cache miss)
773 http fetch GET 200 https://registry.npmjs.org/fast-json-patch/-/fast-json-patch-3.1.1.tgz 2030ms (cache miss)
774 http fetch GET 200 https://registry.npmjs.org/openapi-path-templating/-/openapi-path-templating-2.1.0.tgz 2036ms (cache miss)
775 http fetch GET 200 https://registry.npmjs.org/@swagger-api/apidom-ns-asyncapi-2/-/apidom-ns-asyncapi-2-1.0.0-beta.12.tgz 2055ms (cache miss)
776 http fetch GET 200 https://registry.npmjs.org/ramda/-/ramda-0.30.1.tgz 2140ms (cache miss)
777 http fetch GET 200 https://registry.npmjs.org/@scarf/scarf/-/scarf-1.4.0.tgz 2143ms (cache miss)
778 http fetch GET 200 https://registry.npmjs.org/tinypool/-/tinypool-1.0.2.tgz 2154ms (cache miss)
779 http fetch GET 200 https://registry.npmjs.org/@swagger-api/apidom-error/-/apidom-error-1.0.0-beta.12.tgz 2173ms (cache miss)
780 http fetch GET 200 https://registry.npmjs.org/core-js-pure/-/core-js-pure-3.41.0.tgz 2331ms (cache miss)
781 http fetch GET 200 https://registry.npmjs.org/yaml/-/yaml-2.7.0.tgz 2474ms (cache miss)
782 http fetch GET 200 https://registry.npmjs.org/@swagger-api/apidom-reference/-/apidom-reference-1.0.0-beta.12.tgz 2494ms (cache miss)
783 http fetch GET 200 https://registry.npmjs.org/@swagger-api/apidom-json-pointer/-/apidom-json-pointer-1.0.0-beta.12.tgz 2502ms (cache miss)
784 http fetch GET 200 https://registry.npmjs.org/@swagger-api/apidom-core/-/apidom-core-1.0.0-beta.12.tgz 2509ms (cache miss)
785 http fetch GET 200 https://registry.npmjs.org/@babel/runtime-corejs3/-/runtime-corejs3-7.26.9.tgz 2509ms (cache miss)
786 http fetch GET 200 https://registry.npmjs.org/@swaggerexpert/cookie/-/cookie-2.0.2.tgz 2514ms (cache miss)
787 http fetch GET 200 https://registry.npmjs.org/swagger-client/-/swagger-client-3.34.1.tgz 2511ms (cache miss)
788 http fetch GET 200 https://registry.npmjs.org/ramda-adjunct/-/ramda-adjunct-5.1.0.tgz 2533ms (cache miss)
789 http fetch GET 200 https://registry.npmjs.org/@swagger-api/apidom-parser-adapter-openapi-yaml-3-1/-/apidom-parser-adapter-openapi-yaml-3-1-1.0.0-beta.12.tgz 2557ms (cache miss)
790 http fetch GET 200 https://registry.npmjs.org/@swagger-api/apidom-ns-openapi-3-1/-/apidom-ns-openapi-3-1-1.0.0-beta.12.tgz 2539ms (cache miss)
791 http fetch GET 200 https://registry.npmjs.org/@tree-sitter-grammars/tree-sitter-yaml/-/tree-sitter-yaml-0.7.0.tgz 2644ms (cache miss)
792 http fetch GET 200 https://registry.npmjs.org/openapi-red/-/openapi-red-2.2.2.tgz 2651ms (cache miss)
793 http fetch GET 200 https://registry.npmjs.org/tree-sitter/-/tree-sitter-0.22.1.tgz 2911ms (cache miss)
794 http fetch GET 200 https://registry.npmjs.org/tree-sitter/-/tree-sitter-0.22.1.tgz 3459ms (cache miss)
795 info run tree-sitter@0.21.1 install node_modules/tree-sitter node-gyp-build
796 info run tree-sitter-json@0.24.8 install node_modules/tree-sitter-json node-gyp-build
797 info run tree-sitter@0.22.1 install node_modules/@swagger-api/apidom-parser-adapter-json/node_modules/tree-sitter node-gyp-build
798 info run @tree-sitter-grammars/tree-sitter-yaml@0.7.0 install node_modules/@swagger-api/apidom-parser-adapter-yaml-1-2/node_modules/@tree-sitter-grammars/tree-sitter-yaml node-gyp-build
799 info run tree-sitter@0.22.1 install node_modules/@swagger-api/apidom-parser-adapter-yaml-1-2/node_modules/tree-sitter node-gyp-build
800 info run tree-sitter@0.21.1 install { code: 0, signal: null }
801 info run tree-sitter-json@0.24.8 install { code: 0, signal: null }
802 info run @tree-sitter-grammars/tree-sitter-yaml@0.7.0 install { code: 0, signal: null }
803 info run tree-sitter@0.22.1 install { code: 0, signal: null }
804 info run tree-sitter@0.22.1 install { code: 0, signal: null }
805 info run @scarf/scarf@1.4.0 postinstall node_modules/@scarf/scarf node ./report.js
806 info run core-js-pure@3.41.0 postinstall node_modules/core-js-pure node -e "try{require('./postinstall')}catch(e){}"
807 info run core-js-pure@3.41.0 postinstall { code: 0, signal: null }
808 info run @scarf/scarf@1.4.0 postinstall { code: 0, signal: null }
809 silly ADD node_modules/ts-toolbelt
810 silly ADD node_modules/tree-sitter
811 silly ADD node_modules/web-streams-polyfill
812 silly ADD node_modules/node-domexception
813 silly ADD node_modules/balanced-match
814 silly ADD node_modules/brace-expansion
815 silly ADD node_modules/lodash
816 silly ADD node_modules/mime-db
817 silly ADD node_modules/argparse
818 silly ADD node_modules/dunder-proto
819 silly ADD node_modules/math-intrinsics
820 silly ADD node_modules/has-symbols
821 silly ADD node_modules/gopd
822 silly ADD node_modules/get-proto
823 silly ADD node_modules/function-bind
824 silly ADD node_modules/es-object-atoms
825 silly ADD node_modules/es-define-property
826 silly ADD node_modules/call-bind-apply-helpers
827 silly ADD node_modules/hasown
828 silly ADD node_modules/has-tostringtag
829 silly ADD node_modules/get-intrinsic
830 silly ADD node_modules/es-errors
831 silly ADD node_modules/delayed-stream
832 silly ADD node_modules/mime-types
833 silly ADD node_modules/es-set-tostringtag
834 silly ADD node_modules/combined-stream
835 silly ADD node_modules/asynckit
836 silly ADD node_modules/proxy-from-env
837 silly ADD node_modules/form-data
838 silly ADD node_modules/follow-redirects
839 silly ADD node_modules/types-ramda
840 silly ADD node_modules/node-gyp-build
841 silly ADD node_modules/node-addon-api
842 silly ADD node_modules/apg-lite
843 silly ADD node_modules/web-tree-sitter
844 silly ADD node_modules/tree-sitter-json
845 silly ADD node_modules/@swagger-api/apidom-ns-api-design-systems
846 silly ADD node_modules/process
847 silly ADD node_modules/minimatch
848 silly ADD node_modules/axios
849 silly ADD node_modules/@swagger-api/apidom-parser-adapter-yaml-1-2
850 silly ADD node_modules/@swagger-api/apidom-parser-adapter-yaml-1-2/node_modules/tree-sitter
851 silly ADD node_modules/@swagger-api/apidom-parser-adapter-yaml-1-2/node_modules/@tree-sitter-grammars/tree-sitter-yaml
852 silly ADD node_modules/@swagger-api/apidom-parser-adapter-workflows-yaml-1
853 silly ADD node_modules/@swagger-api/apidom-parser-adapter-workflows-json-1
854 silly ADD node_modules/@swagger-api/apidom-parser-adapter-openapi-yaml-3-1
855 silly ADD node_modules/@swagger-api/apidom-parser-adapter-openapi-yaml-3-0
856 silly ADD node_modules/@swagger-api/apidom-parser-adapter-openapi-yaml-2
857 silly ADD node_modules/@swagger-api/apidom-parser-adapter-openapi-json-3-1
858 silly ADD node_modules/@swagger-api/apidom-parser-adapter-openapi-json-3-0
859 silly ADD node_modules/@swagger-api/apidom-parser-adapter-openapi-json-2
860 silly ADD node_modules/@swagger-api/apidom-parser-adapter-json
861 silly ADD node_modules/@swagger-api/apidom-parser-adapter-json/node_modules/tree-sitter
862 silly ADD node_modules/@swagger-api/apidom-parser-adapter-asyncapi-yaml-2
863 silly ADD node_modules/@swagger-api/apidom-parser-adapter-asyncapi-json-2
864 silly ADD node_modules/@swagger-api/apidom-parser-adapter-api-design-systems-yaml
865 silly ADD node_modules/@swagger-api/apidom-parser-adapter-api-design-systems-json
866 silly ADD node_modules/@swagger-api/apidom-ns-workflows-1
867 silly ADD node_modules/@swagger-api/apidom-ns-openapi-2
868 silly ADD node_modules/@swagger-api/apidom-ns-asyncapi-2
869 silly ADD node_modules/@swagger-api/apidom-ns-json-schema-draft-4
870 silly ADD node_modules/@swagger-api/apidom-ns-json-schema-draft-6
871 silly ADD node_modules/@swagger-api/apidom-ns-json-schema-draft-7
872 silly ADD node_modules/@swagger-api/apidom-ns-json-schema-2019-09
873 silly ADD node_modules/@swagger-api/apidom-ns-openapi-3-0
874 silly ADD node_modules/@swagger-api/apidom-ns-json-schema-2020-12
875 silly ADD node_modules/unraw
876 silly ADD node_modules/ts-mixer
877 silly ADD node_modules/short-unique-id
878 silly ADD node_modules/minim
879 silly ADD node_modules/@types/ramda
880 silly ADD node_modules/@swagger-api/apidom-ast
881 silly ADD node_modules/regenerator-runtime
882 silly ADD node_modules/core-js-pure
883 silly ADD node_modules/ramda-adjunct
884 silly ADD node_modules/ramda
885 silly ADD node_modules/openapi-server-url-templating
886 silly ADD node_modules/openapi-path-templating
887 silly ADD node_modules/node-fetch-commonjs
888 silly ADD node_modules/node-abort-controller
889 silly ADD node_modules/neotraverse
890 silly ADD node_modules/js-yaml
891 silly ADD node_modules/fast-json-patch
892 silly ADD node_modules/deepmerge
893 silly ADD node_modules/@swaggerexpert/cookie
894 silly ADD node_modules/@swagger-api/apidom-reference
895 silly ADD node_modules/@swagger-api/apidom-ns-openapi-3-1
896 silly ADD node_modules/@swagger-api/apidom-json-pointer
897 silly ADD node_modules/@swagger-api/apidom-error
898 silly ADD node_modules/@swagger-api/apidom-core
899 silly ADD node_modules/@scarf/scarf
900 silly ADD node_modules/@babel/runtime-corejs3
901 silly ADD node_modules/yaml
902 silly ADD node_modules/tinypool
903 silly ADD node_modules/swagger-client
904 silly ADD node_modules/openapi-red
905 verbose cwd /data
906 verbose os Linux 6.11.0-17-generic
907 verbose node v20.18.2
908 verbose npm  v10.8.2
909 verbose exit 0
910 info ok
